The system is: Linux - 5.19.0-43-generic - x86_64
Compiling the C compiler identification source file "CMakeCCompilerId.c" succeeded.
Compiler: /usr/bin/cc 
Build flags: 
Id flags:  

The output was:
0


Compilation of the C compiler identification source "CMakeCCompilerId.c" produced "a.out"

The C compiler identification is GNU, found in "/home/tanmeet/Desktop/cs446/nautilus/libvnc/build/CMakeFiles/3.22.1/CompilerIdC/a.out"

Detecting C compiler ABI info compiled with the following output:
Change Dir: /home/tanmeet/Desktop/cs446/nautilus/libvnc/build/CMakeFiles/CMakeTmp

Run Build Command(s):/usr/bin/gmake -f Makefile cmTC_99b9c/fast && /usr/bin/gmake  -f CMakeFiles/cmTC_99b9c.dir/build.make CMakeFiles/cmTC_99b9c.dir/build
gmake[1]: Entering directory '/home/tanmeet/Desktop/cs446/nautilus/libvnc/build/CMakeFiles/CMakeTmp'
Building C object CMakeFiles/cmTC_99b9c.dir/CMakeCCompilerABI.c.o
/usr/bin/cc   -v -o CMakeFiles/cmTC_99b9c.dir/CMakeCCompilerABI.c.o -c /usr/share/cmake-3.22/Modules/CMakeCCompilerABI.c
Using built-in specs.
COLLECT_GCC=/usr/bin/cc
OFFLOAD_TARGET_NAMES=nvptx-none:amdgcn-amdhsa
OFFLOAD_TARGET_DEFAULT=1
Target: x86_64-linux-gnu
Configured with: ../src/configure -v --with-pkgversion='Ubuntu 11.3.0-1ubuntu1~22.04.1' --with-bugurl=file:///usr/share/doc/gcc-11/README.Bugs --enable-languages=c,ada,c++,go,brig,d,fortran,objc,obj-c++,m2 --prefix=/usr --with-gcc-major-version-only --program-suffix=-11 --program-prefix=x86_64-linux-gnu- --enable-shared --enable-linker-build-id --libexecdir=/usr/lib --without-included-gettext --enable-threads=posix --libdir=/usr/lib --enable-nls --enable-bootstrap --enable-clocale=gnu --enable-libstdcxx-debug --enable-libstdcxx-time=yes --with-default-libstdcxx-abi=new --enable-gnu-unique-object --disable-vtable-verify --enable-plugin --enable-default-pie --with-system-zlib --enable-libphobos-checking=release --with-target-system-zlib=auto --enable-objc-gc=auto --enable-multiarch --disable-werror --enable-cet --with-arch-32=i686 --with-abi=m64 --with-multilib-list=m32,m64,mx32 --enable-multilib --with-tune=generic --enable-offload-targets=nvptx-none=/build/gcc-11-aYxV0E/gcc-11-11.3.0/debian/tmp-nvptx/usr,amdgcn-amdhsa=/build/gcc-11-aYxV0E/gcc-11-11.3.0/debian/tmp-gcn/usr --without-cuda-driver --enable-checking=release --build=x86_64-linux-gnu --host=x86_64-linux-gnu --target=x86_64-linux-gnu --with-build-config=bootstrap-lto-lean --enable-link-serialization=2
Thread model: posix
Supported LTO compression algorithms: zlib zstd
gcc version 11.3.0 (Ubuntu 11.3.0-1ubuntu1~22.04.1) 
COLLECT_GCC_OPTIONS='-v' '-o' 'CMakeFiles/cmTC_99b9c.dir/CMakeCCompilerABI.c.o' '-c' '-mtune=generic' '-march=x86-64' '-dumpdir' 'CMakeFiles/cmTC_99b9c.dir/'
 /usr/lib/gcc/x86_64-linux-gnu/11/cc1 -quiet -v -imultiarch x86_64-linux-gnu /usr/share/cmake-3.22/Modules/CMakeCCompilerABI.c -quiet -dumpdir CMakeFiles/cmTC_99b9c.dir/ -dumpbase CMakeCCompilerABI.c.c -dumpbase-ext .c -mtune=generic -march=x86-64 -version -fasynchronous-unwind-tables -fstack-protector-strong -Wformat -Wformat-security -fstack-clash-protection -fcf-protection -o /tmp/ccbuGBVf.s
GNU C17 (Ubuntu 11.3.0-1ubuntu1~22.04.1) version 11.3.0 (x86_64-linux-gnu)
	compiled by GNU C version 11.3.0, GMP version 6.2.1, MPFR version 4.1.0, MPC version 1.2.1, isl version isl-0.24-GMP

GGC heuristics: --param ggc-min-expand=100 --param ggc-min-heapsize=131072
ignoring nonexistent directory "/usr/local/include/x86_64-linux-gnu"
ignoring nonexistent directory "/usr/lib/gcc/x86_64-linux-gnu/11/include-fixed"
ignoring nonexistent directory "/usr/lib/gcc/x86_64-linux-gnu/11/../../../../x86_64-linux-gnu/include"
#include "..." search starts here:
#include <...> search starts here:
 /usr/lib/gcc/x86_64-linux-gnu/11/include
 /usr/local/include
 /usr/include/x86_64-linux-gnu
 /usr/include
End of search list.
GNU C17 (Ubuntu 11.3.0-1ubuntu1~22.04.1) version 11.3.0 (x86_64-linux-gnu)
	compiled by GNU C version 11.3.0, GMP version 6.2.1, MPFR version 4.1.0, MPC version 1.2.1, isl version isl-0.24-GMP

GGC heuristics: --param ggc-min-expand=100 --param ggc-min-heapsize=131072
Compiler executable checksum: e13e2dc98bfa673227c4000e476a9388
COLLECT_GCC_OPTIONS='-v' '-o' 'CMakeFiles/cmTC_99b9c.dir/CMakeCCompilerABI.c.o' '-c' '-mtune=generic' '-march=x86-64' '-dumpdir' 'CMakeFiles/cmTC_99b9c.dir/'
 as -v --64 -o CMakeFiles/cmTC_99b9c.dir/CMakeCCompilerABI.c.o /tmp/ccbuGBVf.s
GNU assembler version 2.38 (x86_64-linux-gnu) using BFD version (GNU Binutils for Ubuntu) 2.38
COMPILER_PATH=/usr/lib/gcc/x86_64-linux-gnu/11/:/usr/lib/gcc/x86_64-linux-gnu/11/:/usr/lib/gcc/x86_64-linux-gnu/:/usr/lib/gcc/x86_64-linux-gnu/11/:/usr/lib/gcc/x86_64-linux-gnu/
LIBRARY_PATH=/usr/lib/gcc/x86_64-linux-gnu/11/:/usr/lib/gcc/x86_64-linux-gnu/11/../../../x86_64-linux-gnu/:/usr/lib/gcc/x86_64-linux-gnu/11/../../../../lib/:/lib/x86_64-linux-gnu/:/lib/../lib/:/usr/lib/x86_64-linux-gnu/:/usr/lib/../lib/:/usr/lib/gcc/x86_64-linux-gnu/11/../../../:/lib/:/usr/lib/
COLLECT_GCC_OPTIONS='-v' '-o' 'CMakeFiles/cmTC_99b9c.dir/CMakeCCompilerABI.c.o' '-c' '-mtune=generic' '-march=x86-64' '-dumpdir' 'CMakeFiles/cmTC_99b9c.dir/CMakeCCompilerABI.c.'
Linking C executable cmTC_99b9c
/usr/bin/cmake -E cmake_link_script CMakeFiles/cmTC_99b9c.dir/link.txt --verbose=1
/usr/bin/cc  -v CMakeFiles/cmTC_99b9c.dir/CMakeCCompilerABI.c.o -o cmTC_99b9c 
Using built-in specs.
COLLECT_GCC=/usr/bin/cc
COLLECT_LTO_WRAPPER=/usr/lib/gcc/x86_64-linux-gnu/11/lto-wrapper
OFFLOAD_TARGET_NAMES=nvptx-none:amdgcn-amdhsa
OFFLOAD_TARGET_DEFAULT=1
Target: x86_64-linux-gnu
Configured with: ../src/configure -v --with-pkgversion='Ubuntu 11.3.0-1ubuntu1~22.04.1' --with-bugurl=file:///usr/share/doc/gcc-11/README.Bugs --enable-languages=c,ada,c++,go,brig,d,fortran,objc,obj-c++,m2 --prefix=/usr --with-gcc-major-version-only --program-suffix=-11 --program-prefix=x86_64-linux-gnu- --enable-shared --enable-linker-build-id --libexecdir=/usr/lib --without-included-gettext --enable-threads=posix --libdir=/usr/lib --enable-nls --enable-bootstrap --enable-clocale=gnu --enable-libstdcxx-debug --enable-libstdcxx-time=yes --with-default-libstdcxx-abi=new --enable-gnu-unique-object --disable-vtable-verify --enable-plugin --enable-default-pie --with-system-zlib --enable-libphobos-checking=release --with-target-system-zlib=auto --enable-objc-gc=auto --enable-multiarch --disable-werror --enable-cet --with-arch-32=i686 --with-abi=m64 --with-multilib-list=m32,m64,mx32 --enable-multilib --with-tune=generic --enable-offload-targets=nvptx-none=/build/gcc-11-aYxV0E/gcc-11-11.3.0/debian/tmp-nvptx/usr,amdgcn-amdhsa=/build/gcc-11-aYxV0E/gcc-11-11.3.0/debian/tmp-gcn/usr --without-cuda-driver --enable-checking=release --build=x86_64-linux-gnu --host=x86_64-linux-gnu --target=x86_64-linux-gnu --with-build-config=bootstrap-lto-lean --enable-link-serialization=2
Thread model: posix
Supported LTO compression algorithms: zlib zstd
gcc version 11.3.0 (Ubuntu 11.3.0-1ubuntu1~22.04.1) 
COMPILER_PATH=/usr/lib/gcc/x86_64-linux-gnu/11/:/usr/lib/gcc/x86_64-linux-gnu/11/:/usr/lib/gcc/x86_64-linux-gnu/:/usr/lib/gcc/x86_64-linux-gnu/11/:/usr/lib/gcc/x86_64-linux-gnu/
LIBRARY_PATH=/usr/lib/gcc/x86_64-linux-gnu/11/:/usr/lib/gcc/x86_64-linux-gnu/11/../../../x86_64-linux-gnu/:/usr/lib/gcc/x86_64-linux-gnu/11/../../../../lib/:/lib/x86_64-linux-gnu/:/lib/../lib/:/usr/lib/x86_64-linux-gnu/:/usr/lib/../lib/:/usr/lib/gcc/x86_64-linux-gnu/11/../../../:/lib/:/usr/lib/
COLLECT_GCC_OPTIONS='-v' '-o' 'cmTC_99b9c' '-mtune=generic' '-march=x86-64' '-dumpdir' 'cmTC_99b9c.'
 /usr/lib/gcc/x86_64-linux-gnu/11/collect2 -plugin /usr/lib/gcc/x86_64-linux-gnu/11/liblto_plugin.so -plugin-opt=/usr/lib/gcc/x86_64-linux-gnu/11/lto-wrapper -plugin-opt=-fresolution=/tmp/ccuVJSTZ.res -plugin-opt=-pass-through=-lgcc -plugin-opt=-pass-through=-lgcc_s -plugin-opt=-pass-through=-lc -plugin-opt=-pass-through=-lgcc -plugin-opt=-pass-through=-lgcc_s --build-id --eh-frame-hdr -m elf_x86_64 --hash-style=gnu --as-needed -dynamic-linker /lib64/ld-linux-x86-64.so.2 -pie -z now -z relro -o cmTC_99b9c /usr/lib/gcc/x86_64-linux-gnu/11/../../../x86_64-linux-gnu/Scrt1.o /usr/lib/gcc/x86_64-linux-gnu/11/../../../x86_64-linux-gnu/crti.o /usr/lib/gcc/x86_64-linux-gnu/11/crtbeginS.o -L/usr/lib/gcc/x86_64-linux-gnu/11 -L/usr/lib/gcc/x86_64-linux-gnu/11/../../../x86_64-linux-gnu -L/usr/lib/gcc/x86_64-linux-gnu/11/../../../../lib -L/lib/x86_64-linux-gnu -L/lib/../lib -L/usr/lib/x86_64-linux-gnu -L/usr/lib/../lib -L/usr/lib/gcc/x86_64-linux-gnu/11/../../.. CMakeFiles/cmTC_99b9c.dir/CMakeCCompilerABI.c.o -lgcc --push-state --as-needed -lgcc_s --pop-state -lc -lgcc --push-state --as-needed -lgcc_s --pop-state /usr/lib/gcc/x86_64-linux-gnu/11/crtendS.o /usr/lib/gcc/x86_64-linux-gnu/11/../../../x86_64-linux-gnu/crtn.o
COLLECT_GCC_OPTIONS='-v' '-o' 'cmTC_99b9c' '-mtune=generic' '-march=x86-64' '-dumpdir' 'cmTC_99b9c.'
gmake[1]: Leaving directory '/home/tanmeet/Desktop/cs446/nautilus/libvnc/build/CMakeFiles/CMakeTmp'



Parsed C implicit include dir info from above output: rv=done
  found start of include info
  found start of implicit include info
    add: [/usr/lib/gcc/x86_64-linux-gnu/11/include]
    add: [/usr/local/include]
    add: [/usr/include/x86_64-linux-gnu]
    add: [/usr/include]
  end of search list found
  collapse include dir [/usr/lib/gcc/x86_64-linux-gnu/11/include] ==> [/usr/lib/gcc/x86_64-linux-gnu/11/include]
  collapse include dir [/usr/local/include] ==> [/usr/local/include]
  collapse include dir [/usr/include/x86_64-linux-gnu] ==> [/usr/include/x86_64-linux-gnu]
  collapse include dir [/usr/include] ==> [/usr/include]
  implicit include dirs: [/usr/lib/gcc/x86_64-linux-gnu/11/include;/usr/local/include;/usr/include/x86_64-linux-gnu;/usr/include]


Parsed C implicit link information from above output:
  link line regex: [^( *|.*[/\])(ld|CMAKE_LINK_STARTFILE-NOTFOUND|([^/\]+-)?ld|collect2)[^/\]*( |$)]
  ignore line: [Change Dir: /home/tanmeet/Desktop/cs446/nautilus/libvnc/build/CMakeFiles/CMakeTmp]
  ignore line: []
  ignore line: [Run Build Command(s):/usr/bin/gmake -f Makefile cmTC_99b9c/fast && /usr/bin/gmake  -f CMakeFiles/cmTC_99b9c.dir/build.make CMakeFiles/cmTC_99b9c.dir/build]
  ignore line: [gmake[1]: Entering directory '/home/tanmeet/Desktop/cs446/nautilus/libvnc/build/CMakeFiles/CMakeTmp']
  ignore line: [Building C object CMakeFiles/cmTC_99b9c.dir/CMakeCCompilerABI.c.o]
  ignore line: [/usr/bin/cc   -v -o CMakeFiles/cmTC_99b9c.dir/CMakeCCompilerABI.c.o -c /usr/share/cmake-3.22/Modules/CMakeCCompilerABI.c]
  ignore line: [Using built-in specs.]
  ignore line: [COLLECT_GCC=/usr/bin/cc]
  ignore line: [OFFLOAD_TARGET_NAMES=nvptx-none:amdgcn-amdhsa]
  ignore line: [OFFLOAD_TARGET_DEFAULT=1]
  ignore line: [Target: x86_64-linux-gnu]
  ignore line: [Configured with: ../src/configure -v --with-pkgversion='Ubuntu 11.3.0-1ubuntu1~22.04.1' --with-bugurl=file:///usr/share/doc/gcc-11/README.Bugs --enable-languages=c ada c++ go brig d fortran objc obj-c++ m2 --prefix=/usr --with-gcc-major-version-only --program-suffix=-11 --program-prefix=x86_64-linux-gnu- --enable-shared --enable-linker-build-id --libexecdir=/usr/lib --without-included-gettext --enable-threads=posix --libdir=/usr/lib --enable-nls --enable-bootstrap --enable-clocale=gnu --enable-libstdcxx-debug --enable-libstdcxx-time=yes --with-default-libstdcxx-abi=new --enable-gnu-unique-object --disable-vtable-verify --enable-plugin --enable-default-pie --with-system-zlib --enable-libphobos-checking=release --with-target-system-zlib=auto --enable-objc-gc=auto --enable-multiarch --disable-werror --enable-cet --with-arch-32=i686 --with-abi=m64 --with-multilib-list=m32 m64 mx32 --enable-multilib --with-tune=generic --enable-offload-targets=nvptx-none=/build/gcc-11-aYxV0E/gcc-11-11.3.0/debian/tmp-nvptx/usr amdgcn-amdhsa=/build/gcc-11-aYxV0E/gcc-11-11.3.0/debian/tmp-gcn/usr --without-cuda-driver --enable-checking=release --build=x86_64-linux-gnu --host=x86_64-linux-gnu --target=x86_64-linux-gnu --with-build-config=bootstrap-lto-lean --enable-link-serialization=2]
  ignore line: [Thread model: posix]
  ignore line: [Supported LTO compression algorithms: zlib zstd]
  ignore line: [gcc version 11.3.0 (Ubuntu 11.3.0-1ubuntu1~22.04.1) ]
  ignore line: [COLLECT_GCC_OPTIONS='-v' '-o' 'CMakeFiles/cmTC_99b9c.dir/CMakeCCompilerABI.c.o' '-c' '-mtune=generic' '-march=x86-64' '-dumpdir' 'CMakeFiles/cmTC_99b9c.dir/']
  ignore line: [ /usr/lib/gcc/x86_64-linux-gnu/11/cc1 -quiet -v -imultiarch x86_64-linux-gnu /usr/share/cmake-3.22/Modules/CMakeCCompilerABI.c -quiet -dumpdir CMakeFiles/cmTC_99b9c.dir/ -dumpbase CMakeCCompilerABI.c.c -dumpbase-ext .c -mtune=generic -march=x86-64 -version -fasynchronous-unwind-tables -fstack-protector-strong -Wformat -Wformat-security -fstack-clash-protection -fcf-protection -o /tmp/ccbuGBVf.s]
  ignore line: [GNU C17 (Ubuntu 11.3.0-1ubuntu1~22.04.1) version 11.3.0 (x86_64-linux-gnu)]
  ignore line: [	compiled by GNU C version 11.3.0  GMP version 6.2.1  MPFR version 4.1.0  MPC version 1.2.1  isl version isl-0.24-GMP]
  ignore line: []
  ignore line: [GGC heuristics: --param ggc-min-expand=100 --param ggc-min-heapsize=131072]
  ignore line: [ignoring nonexistent directory "/usr/local/include/x86_64-linux-gnu"]
  ignore line: [ignoring nonexistent directory "/usr/lib/gcc/x86_64-linux-gnu/11/include-fixed"]
  ignore line: [ignoring nonexistent directory "/usr/lib/gcc/x86_64-linux-gnu/11/../../../../x86_64-linux-gnu/include"]
  ignore line: [#include "..." search starts here:]
  ignore line: [#include <...> search starts here:]
  ignore line: [ /usr/lib/gcc/x86_64-linux-gnu/11/include]
  ignore line: [ /usr/local/include]
  ignore line: [ /usr/include/x86_64-linux-gnu]
  ignore line: [ /usr/include]
  ignore line: [End of search list.]
  ignore line: [GNU C17 (Ubuntu 11.3.0-1ubuntu1~22.04.1) version 11.3.0 (x86_64-linux-gnu)]
  ignore line: [	compiled by GNU C version 11.3.0  GMP version 6.2.1  MPFR version 4.1.0  MPC version 1.2.1  isl version isl-0.24-GMP]
  ignore line: []
  ignore line: [GGC heuristics: --param ggc-min-expand=100 --param ggc-min-heapsize=131072]
  ignore line: [Compiler executable checksum: e13e2dc98bfa673227c4000e476a9388]
  ignore line: [COLLECT_GCC_OPTIONS='-v' '-o' 'CMakeFiles/cmTC_99b9c.dir/CMakeCCompilerABI.c.o' '-c' '-mtune=generic' '-march=x86-64' '-dumpdir' 'CMakeFiles/cmTC_99b9c.dir/']
  ignore line: [ as -v --64 -o CMakeFiles/cmTC_99b9c.dir/CMakeCCompilerABI.c.o /tmp/ccbuGBVf.s]
  ignore line: [GNU assembler version 2.38 (x86_64-linux-gnu) using BFD version (GNU Binutils for Ubuntu) 2.38]
  ignore line: [COMPILER_PATH=/usr/lib/gcc/x86_64-linux-gnu/11/:/usr/lib/gcc/x86_64-linux-gnu/11/:/usr/lib/gcc/x86_64-linux-gnu/:/usr/lib/gcc/x86_64-linux-gnu/11/:/usr/lib/gcc/x86_64-linux-gnu/]
  ignore line: [LIBRARY_PATH=/usr/lib/gcc/x86_64-linux-gnu/11/:/usr/lib/gcc/x86_64-linux-gnu/11/../../../x86_64-linux-gnu/:/usr/lib/gcc/x86_64-linux-gnu/11/../../../../lib/:/lib/x86_64-linux-gnu/:/lib/../lib/:/usr/lib/x86_64-linux-gnu/:/usr/lib/../lib/:/usr/lib/gcc/x86_64-linux-gnu/11/../../../:/lib/:/usr/lib/]
  ignore line: [COLLECT_GCC_OPTIONS='-v' '-o' 'CMakeFiles/cmTC_99b9c.dir/CMakeCCompilerABI.c.o' '-c' '-mtune=generic' '-march=x86-64' '-dumpdir' 'CMakeFiles/cmTC_99b9c.dir/CMakeCCompilerABI.c.']
  ignore line: [Linking C executable cmTC_99b9c]
  ignore line: [/usr/bin/cmake -E cmake_link_script CMakeFiles/cmTC_99b9c.dir/link.txt --verbose=1]
  ignore line: [/usr/bin/cc  -v CMakeFiles/cmTC_99b9c.dir/CMakeCCompilerABI.c.o -o cmTC_99b9c ]
  ignore line: [Using built-in specs.]
  ignore line: [COLLECT_GCC=/usr/bin/cc]
  ignore line: [COLLECT_LTO_WRAPPER=/usr/lib/gcc/x86_64-linux-gnu/11/lto-wrapper]
  ignore line: [OFFLOAD_TARGET_NAMES=nvptx-none:amdgcn-amdhsa]
  ignore line: [OFFLOAD_TARGET_DEFAULT=1]
  ignore line: [Target: x86_64-linux-gnu]
  ignore line: [Configured with: ../src/configure -v --with-pkgversion='Ubuntu 11.3.0-1ubuntu1~22.04.1' --with-bugurl=file:///usr/share/doc/gcc-11/README.Bugs --enable-languages=c ada c++ go brig d fortran objc obj-c++ m2 --prefix=/usr --with-gcc-major-version-only --program-suffix=-11 --program-prefix=x86_64-linux-gnu- --enable-shared --enable-linker-build-id --libexecdir=/usr/lib --without-included-gettext --enable-threads=posix --libdir=/usr/lib --enable-nls --enable-bootstrap --enable-clocale=gnu --enable-libstdcxx-debug --enable-libstdcxx-time=yes --with-default-libstdcxx-abi=new --enable-gnu-unique-object --disable-vtable-verify --enable-plugin --enable-default-pie --with-system-zlib --enable-libphobos-checking=release --with-target-system-zlib=auto --enable-objc-gc=auto --enable-multiarch --disable-werror --enable-cet --with-arch-32=i686 --with-abi=m64 --with-multilib-list=m32 m64 mx32 --enable-multilib --with-tune=generic --enable-offload-targets=nvptx-none=/build/gcc-11-aYxV0E/gcc-11-11.3.0/debian/tmp-nvptx/usr amdgcn-amdhsa=/build/gcc-11-aYxV0E/gcc-11-11.3.0/debian/tmp-gcn/usr --without-cuda-driver --enable-checking=release --build=x86_64-linux-gnu --host=x86_64-linux-gnu --target=x86_64-linux-gnu --with-build-config=bootstrap-lto-lean --enable-link-serialization=2]
  ignore line: [Thread model: posix]
  ignore line: [Supported LTO compression algorithms: zlib zstd]
  ignore line: [gcc version 11.3.0 (Ubuntu 11.3.0-1ubuntu1~22.04.1) ]
  ignore line: [COMPILER_PATH=/usr/lib/gcc/x86_64-linux-gnu/11/:/usr/lib/gcc/x86_64-linux-gnu/11/:/usr/lib/gcc/x86_64-linux-gnu/:/usr/lib/gcc/x86_64-linux-gnu/11/:/usr/lib/gcc/x86_64-linux-gnu/]
  ignore line: [LIBRARY_PATH=/usr/lib/gcc/x86_64-linux-gnu/11/:/usr/lib/gcc/x86_64-linux-gnu/11/../../../x86_64-linux-gnu/:/usr/lib/gcc/x86_64-linux-gnu/11/../../../../lib/:/lib/x86_64-linux-gnu/:/lib/../lib/:/usr/lib/x86_64-linux-gnu/:/usr/lib/../lib/:/usr/lib/gcc/x86_64-linux-gnu/11/../../../:/lib/:/usr/lib/]
  ignore line: [COLLECT_GCC_OPTIONS='-v' '-o' 'cmTC_99b9c' '-mtune=generic' '-march=x86-64' '-dumpdir' 'cmTC_99b9c.']
  link line: [ /usr/lib/gcc/x86_64-linux-gnu/11/collect2 -plugin /usr/lib/gcc/x86_64-linux-gnu/11/liblto_plugin.so -plugin-opt=/usr/lib/gcc/x86_64-linux-gnu/11/lto-wrapper -plugin-opt=-fresolution=/tmp/ccuVJSTZ.res -plugin-opt=-pass-through=-lgcc -plugin-opt=-pass-through=-lgcc_s -plugin-opt=-pass-through=-lc -plugin-opt=-pass-through=-lgcc -plugin-opt=-pass-through=-lgcc_s --build-id --eh-frame-hdr -m elf_x86_64 --hash-style=gnu --as-needed -dynamic-linker /lib64/ld-linux-x86-64.so.2 -pie -z now -z relro -o cmTC_99b9c /usr/lib/gcc/x86_64-linux-gnu/11/../../../x86_64-linux-gnu/Scrt1.o /usr/lib/gcc/x86_64-linux-gnu/11/../../../x86_64-linux-gnu/crti.o /usr/lib/gcc/x86_64-linux-gnu/11/crtbeginS.o -L/usr/lib/gcc/x86_64-linux-gnu/11 -L/usr/lib/gcc/x86_64-linux-gnu/11/../../../x86_64-linux-gnu -L/usr/lib/gcc/x86_64-linux-gnu/11/../../../../lib -L/lib/x86_64-linux-gnu -L/lib/../lib -L/usr/lib/x86_64-linux-gnu -L/usr/lib/../lib -L/usr/lib/gcc/x86_64-linux-gnu/11/../../.. CMakeFiles/cmTC_99b9c.dir/CMakeCCompilerABI.c.o -lgcc --push-state --as-needed -lgcc_s --pop-state -lc -lgcc --push-state --as-needed -lgcc_s --pop-state /usr/lib/gcc/x86_64-linux-gnu/11/crtendS.o /usr/lib/gcc/x86_64-linux-gnu/11/../../../x86_64-linux-gnu/crtn.o]
    arg [/usr/lib/gcc/x86_64-linux-gnu/11/collect2] ==> ignore
    arg [-plugin] ==> ignore
    arg [/usr/lib/gcc/x86_64-linux-gnu/11/liblto_plugin.so] ==> ignore
    arg [-plugin-opt=/usr/lib/gcc/x86_64-linux-gnu/11/lto-wrapper] ==> ignore
    arg [-plugin-opt=-fresolution=/tmp/ccuVJSTZ.res] ==> ignore
    arg [-plugin-opt=-pass-through=-lgcc] ==> ignore
    arg [-plugin-opt=-pass-through=-lgcc_s] ==> ignore
    arg [-plugin-opt=-pass-through=-lc] ==> ignore
    arg [-plugin-opt=-pass-through=-lgcc] ==> ignore
    arg [-plugin-opt=-pass-through=-lgcc_s] ==> ignore
    arg [--build-id] ==> ignore
    arg [--eh-frame-hdr] ==> ignore
    arg [-m] ==> ignore
    arg [elf_x86_64] ==> ignore
    arg [--hash-style=gnu] ==> ignore
    arg [--as-needed] ==> ignore
    arg [-dynamic-linker] ==> ignore
    arg [/lib64/ld-linux-x86-64.so.2] ==> ignore
    arg [-pie] ==> ignore
    arg [-znow] ==> ignore
    arg [-zrelro] ==> ignore
    arg [-o] ==> ignore
    arg [cmTC_99b9c] ==> ignore
    arg [/usr/lib/gcc/x86_64-linux-gnu/11/../../../x86_64-linux-gnu/Scrt1.o] ==> obj [/usr/lib/gcc/x86_64-linux-gnu/11/../../../x86_64-linux-gnu/Scrt1.o]
    arg [/usr/lib/gcc/x86_64-linux-gnu/11/../../../x86_64-linux-gnu/crti.o] ==> obj [/usr/lib/gcc/x86_64-linux-gnu/11/../../../x86_64-linux-gnu/crti.o]
    arg [/usr/lib/gcc/x86_64-linux-gnu/11/crtbeginS.o] ==> obj [/usr/lib/gcc/x86_64-linux-gnu/11/crtbeginS.o]
    arg [-L/usr/lib/gcc/x86_64-linux-gnu/11] ==> dir [/usr/lib/gcc/x86_64-linux-gnu/11]
    arg [-L/usr/lib/gcc/x86_64-linux-gnu/11/../../../x86_64-linux-gnu] ==> dir [/usr/lib/gcc/x86_64-linux-gnu/11/../../../x86_64-linux-gnu]
    arg [-L/usr/lib/gcc/x86_64-linux-gnu/11/../../../../lib] ==> dir [/usr/lib/gcc/x86_64-linux-gnu/11/../../../../lib]
    arg [-L/lib/x86_64-linux-gnu] ==> dir [/lib/x86_64-linux-gnu]
    arg [-L/lib/../lib] ==> dir [/lib/../lib]
    arg [-L/usr/lib/x86_64-linux-gnu] ==> dir [/usr/lib/x86_64-linux-gnu]
    arg [-L/usr/lib/../lib] ==> dir [/usr/lib/../lib]
    arg [-L/usr/lib/gcc/x86_64-linux-gnu/11/../../..] ==> dir [/usr/lib/gcc/x86_64-linux-gnu/11/../../..]
    arg [CMakeFiles/cmTC_99b9c.dir/CMakeCCompilerABI.c.o] ==> ignore
    arg [-lgcc] ==> lib [gcc]
    arg [--push-state] ==> ignore
    arg [--as-needed] ==> ignore
    arg [-lgcc_s] ==> lib [gcc_s]
    arg [--pop-state] ==> ignore
    arg [-lc] ==> lib [c]
    arg [-lgcc] ==> lib [gcc]
    arg [--push-state] ==> ignore
    arg [--as-needed] ==> ignore
    arg [-lgcc_s] ==> lib [gcc_s]
    arg [--pop-state] ==> ignore
    arg [/usr/lib/gcc/x86_64-linux-gnu/11/crtendS.o] ==> obj [/usr/lib/gcc/x86_64-linux-gnu/11/crtendS.o]
    arg [/usr/lib/gcc/x86_64-linux-gnu/11/../../../x86_64-linux-gnu/crtn.o] ==> obj [/usr/lib/gcc/x86_64-linux-gnu/11/../../../x86_64-linux-gnu/crtn.o]
  collapse obj [/usr/lib/gcc/x86_64-linux-gnu/11/../../../x86_64-linux-gnu/Scrt1.o] ==> [/usr/lib/x86_64-linux-gnu/Scrt1.o]
  collapse obj [/usr/lib/gcc/x86_64-linux-gnu/11/../../../x86_64-linux-gnu/crti.o] ==> [/usr/lib/x86_64-linux-gnu/crti.o]
  collapse obj [/usr/lib/gcc/x86_64-linux-gnu/11/../../../x86_64-linux-gnu/crtn.o] ==> [/usr/lib/x86_64-linux-gnu/crtn.o]
  collapse library dir [/usr/lib/gcc/x86_64-linux-gnu/11] ==> [/usr/lib/gcc/x86_64-linux-gnu/11]
  collapse library dir [/usr/lib/gcc/x86_64-linux-gnu/11/../../../x86_64-linux-gnu] ==> [/usr/lib/x86_64-linux-gnu]
  collapse library dir [/usr/lib/gcc/x86_64-linux-gnu/11/../../../../lib] ==> [/usr/lib]
  collapse library dir [/lib/x86_64-linux-gnu] ==> [/lib/x86_64-linux-gnu]
  collapse library dir [/lib/../lib] ==> [/lib]
  collapse library dir [/usr/lib/x86_64-linux-gnu] ==> [/usr/lib/x86_64-linux-gnu]
  collapse library dir [/usr/lib/../lib] ==> [/usr/lib]
  collapse library dir [/usr/lib/gcc/x86_64-linux-gnu/11/../../..] ==> [/usr/lib]
  implicit libs: [gcc;gcc_s;c;gcc;gcc_s]
  implicit objs: [/usr/lib/x86_64-linux-gnu/Scrt1.o;/usr/lib/x86_64-linux-gnu/crti.o;/usr/lib/gcc/x86_64-linux-gnu/11/crtbeginS.o;/usr/lib/gcc/x86_64-linux-gnu/11/crtendS.o;/usr/lib/x86_64-linux-gnu/crtn.o]
  implicit dirs: [/usr/lib/gcc/x86_64-linux-gnu/11;/usr/lib/x86_64-linux-gnu;/usr/lib;/lib/x86_64-linux-gnu;/lib]
  implicit fwks: []


Determining if the function XOpenDisplay exists in the /usr/lib/x86_64-linux-gnu/libX11.so;/usr/lib/x86_64-linux-gnu/libXext.so passed with the following output:
Change Dir: /home/tanmeet/Desktop/cs446/nautilus/libvnc/build/CMakeFiles/CMakeTmp

Run Build Command(s):/usr/bin/gmake -f Makefile cmTC_5ccf6/fast && /usr/bin/gmake  -f CMakeFiles/cmTC_5ccf6.dir/build.make CMakeFiles/cmTC_5ccf6.dir/build
gmake[1]: Entering directory '/home/tanmeet/Desktop/cs446/nautilus/libvnc/build/CMakeFiles/CMakeTmp'
Building C object CMakeFiles/cmTC_5ccf6.dir/CheckFunctionExists.c.o
/usr/bin/cc   -DCHECK_FUNCTION_EXISTS=XOpenDisplay -o CMakeFiles/cmTC_5ccf6.dir/CheckFunctionExists.c.o -c /usr/share/cmake-3.22/Modules/CheckFunctionExists.c
Linking C executable cmTC_5ccf6
/usr/bin/cmake -E cmake_link_script CMakeFiles/cmTC_5ccf6.dir/link.txt --verbose=1
/usr/bin/cc  -DCHECK_FUNCTION_EXISTS=XOpenDisplay CMakeFiles/cmTC_5ccf6.dir/CheckFunctionExists.c.o -o cmTC_5ccf6  /usr/lib/x86_64-linux-gnu/libX11.so /usr/lib/x86_64-linux-gnu/libXext.so 
gmake[1]: Leaving directory '/home/tanmeet/Desktop/cs446/nautilus/libvnc/build/CMakeFiles/CMakeTmp'



Determining if the function gethostbyname exists passed with the following output:
Change Dir: /home/tanmeet/Desktop/cs446/nautilus/libvnc/build/CMakeFiles/CMakeTmp

Run Build Command(s):/usr/bin/gmake -f Makefile cmTC_388f5/fast && /usr/bin/gmake  -f CMakeFiles/cmTC_388f5.dir/build.make CMakeFiles/cmTC_388f5.dir/build
gmake[1]: Entering directory '/home/tanmeet/Desktop/cs446/nautilus/libvnc/build/CMakeFiles/CMakeTmp'
Building C object CMakeFiles/cmTC_388f5.dir/CheckFunctionExists.c.o
/usr/bin/cc   -DCHECK_FUNCTION_EXISTS=gethostbyname -o CMakeFiles/cmTC_388f5.dir/CheckFunctionExists.c.o -c /usr/share/cmake-3.22/Modules/CheckFunctionExists.c
Linking C executable cmTC_388f5
/usr/bin/cmake -E cmake_link_script CMakeFiles/cmTC_388f5.dir/link.txt --verbose=1
/usr/bin/cc  -DCHECK_FUNCTION_EXISTS=gethostbyname CMakeFiles/cmTC_388f5.dir/CheckFunctionExists.c.o -o cmTC_388f5 
gmake[1]: Leaving directory '/home/tanmeet/Desktop/cs446/nautilus/libvnc/build/CMakeFiles/CMakeTmp'



Determining if the function connect exists passed with the following output:
Change Dir: /home/tanmeet/Desktop/cs446/nautilus/libvnc/build/CMakeFiles/CMakeTmp

Run Build Command(s):/usr/bin/gmake -f Makefile cmTC_c41dd/fast && /usr/bin/gmake  -f CMakeFiles/cmTC_c41dd.dir/build.make CMakeFiles/cmTC_c41dd.dir/build
gmake[1]: Entering directory '/home/tanmeet/Desktop/cs446/nautilus/libvnc/build/CMakeFiles/CMakeTmp'
Building C object CMakeFiles/cmTC_c41dd.dir/CheckFunctionExists.c.o
/usr/bin/cc   -DCHECK_FUNCTION_EXISTS=connect -o CMakeFiles/cmTC_c41dd.dir/CheckFunctionExists.c.o -c /usr/share/cmake-3.22/Modules/CheckFunctionExists.c
Linking C executable cmTC_c41dd
/usr/bin/cmake -E cmake_link_script CMakeFiles/cmTC_c41dd.dir/link.txt --verbose=1
/usr/bin/cc  -DCHECK_FUNCTION_EXISTS=connect CMakeFiles/cmTC_c41dd.dir/CheckFunctionExists.c.o -o cmTC_c41dd 
gmake[1]: Leaving directory '/home/tanmeet/Desktop/cs446/nautilus/libvnc/build/CMakeFiles/CMakeTmp'



Determining if the function remove exists passed with the following output:
Change Dir: /home/tanmeet/Desktop/cs446/nautilus/libvnc/build/CMakeFiles/CMakeTmp

Run Build Command(s):/usr/bin/gmake -f Makefile cmTC_a8d26/fast && /usr/bin/gmake  -f CMakeFiles/cmTC_a8d26.dir/build.make CMakeFiles/cmTC_a8d26.dir/build
gmake[1]: Entering directory '/home/tanmeet/Desktop/cs446/nautilus/libvnc/build/CMakeFiles/CMakeTmp'
Building C object CMakeFiles/cmTC_a8d26.dir/CheckFunctionExists.c.o
/usr/bin/cc   -DCHECK_FUNCTION_EXISTS=remove -o CMakeFiles/cmTC_a8d26.dir/CheckFunctionExists.c.o -c /usr/share/cmake-3.22/Modules/CheckFunctionExists.c
Linking C executable cmTC_a8d26
/usr/bin/cmake -E cmake_link_script CMakeFiles/cmTC_a8d26.dir/link.txt --verbose=1
/usr/bin/cc  -DCHECK_FUNCTION_EXISTS=remove CMakeFiles/cmTC_a8d26.dir/CheckFunctionExists.c.o -o cmTC_a8d26 
gmake[1]: Leaving directory '/home/tanmeet/Desktop/cs446/nautilus/libvnc/build/CMakeFiles/CMakeTmp'



Determining if the function shmat exists passed with the following output:
Change Dir: /home/tanmeet/Desktop/cs446/nautilus/libvnc/build/CMakeFiles/CMakeTmp

Run Build Command(s):/usr/bin/gmake -f Makefile cmTC_e939d/fast && /usr/bin/gmake  -f CMakeFiles/cmTC_e939d.dir/build.make CMakeFiles/cmTC_e939d.dir/build
gmake[1]: Entering directory '/home/tanmeet/Desktop/cs446/nautilus/libvnc/build/CMakeFiles/CMakeTmp'
Building C object CMakeFiles/cmTC_e939d.dir/CheckFunctionExists.c.o
/usr/bin/cc   -DCHECK_FUNCTION_EXISTS=shmat -o CMakeFiles/cmTC_e939d.dir/CheckFunctionExists.c.o -c /usr/share/cmake-3.22/Modules/CheckFunctionExists.c
Linking C executable cmTC_e939d
/usr/bin/cmake -E cmake_link_script CMakeFiles/cmTC_e939d.dir/link.txt --verbose=1
/usr/bin/cc  -DCHECK_FUNCTION_EXISTS=shmat CMakeFiles/cmTC_e939d.dir/CheckFunctionExists.c.o -o cmTC_e939d 
gmake[1]: Leaving directory '/home/tanmeet/Desktop/cs446/nautilus/libvnc/build/CMakeFiles/CMakeTmp'



Determining if the function IceConnectionNumber exists in the ICE passed with the following output:
Change Dir: /home/tanmeet/Desktop/cs446/nautilus/libvnc/build/CMakeFiles/CMakeTmp

Run Build Command(s):/usr/bin/gmake -f Makefile cmTC_5dd91/fast && /usr/bin/gmake  -f CMakeFiles/cmTC_5dd91.dir/build.make CMakeFiles/cmTC_5dd91.dir/build
gmake[1]: Entering directory '/home/tanmeet/Desktop/cs446/nautilus/libvnc/build/CMakeFiles/CMakeTmp'
Building C object CMakeFiles/cmTC_5dd91.dir/CheckFunctionExists.c.o
/usr/bin/cc   -DCHECK_FUNCTION_EXISTS=IceConnectionNumber -o CMakeFiles/cmTC_5dd91.dir/CheckFunctionExists.c.o -c /usr/share/cmake-3.22/Modules/CheckFunctionExists.c
Linking C executable cmTC_5dd91
/usr/bin/cmake -E cmake_link_script CMakeFiles/cmTC_5dd91.dir/link.txt --verbose=1
/usr/bin/cc  -DCHECK_FUNCTION_EXISTS=IceConnectionNumber CMakeFiles/cmTC_5dd91.dir/CheckFunctionExists.c.o -o cmTC_5dd91  -lICE 
gmake[1]: Leaving directory '/home/tanmeet/Desktop/cs446/nautilus/libvnc/build/CMakeFiles/CMakeTmp'



Performing C SOURCE FILE Test FOUND_LIBJPEG_TURBO succeeded with the following compile output:
Change Dir: /home/tanmeet/Desktop/cs446/nautilus/libvnc/build/CMakeFiles/CMakeTmp

Run Build Command(s):/usr/bin/gmake -f Makefile cmTC_0f7dc/fast && /usr/bin/gmake  -f CMakeFiles/cmTC_0f7dc.dir/build.make CMakeFiles/cmTC_0f7dc.dir/build
gmake[1]: Entering directory '/home/tanmeet/Desktop/cs446/nautilus/libvnc/build/CMakeFiles/CMakeTmp'
Building C object CMakeFiles/cmTC_0f7dc.dir/src.c.o
/usr/bin/cc -DFOUND_LIBJPEG_TURBO   -o CMakeFiles/cmTC_0f7dc.dir/src.c.o -c /home/tanmeet/Desktop/cs446/nautilus/libvnc/build/CMakeFiles/CMakeTmp/src.c
Linking C executable cmTC_0f7dc
/usr/bin/cmake -E cmake_link_script CMakeFiles/cmTC_0f7dc.dir/link.txt --verbose=1
/usr/bin/cc CMakeFiles/cmTC_0f7dc.dir/src.c.o -o cmTC_0f7dc  /usr/lib/x86_64-linux-gnu/libjpeg.so 
gmake[1]: Leaving directory '/home/tanmeet/Desktop/cs446/nautilus/libvnc/build/CMakeFiles/CMakeTmp'


...and run output:

Return value: 1
Source file was:


    #include <stdio.h>

    #include <jpeglib.h>

    int main(void) {

      struct jpeg_compress_struct cinfo;

      struct jpeg_error_mgr jerr;

      cinfo.err=jpeg_std_error(&jerr);

      jpeg_create_compress(&cinfo);

      cinfo.input_components = 3;

      jpeg_set_defaults(&cinfo);

      cinfo.in_color_space = JCS_EXT_RGB;

      jpeg_default_colorspace(&cinfo);

      return 0;

    }
Determining if the include file pthread.h exists passed with the following output:
Change Dir: /home/tanmeet/Desktop/cs446/nautilus/libvnc/build/CMakeFiles/CMakeTmp

Run Build Command(s):/usr/bin/gmake -f Makefile cmTC_169f0/fast && /usr/bin/gmake  -f CMakeFiles/cmTC_169f0.dir/build.make CMakeFiles/cmTC_169f0.dir/build
gmake[1]: Entering directory '/home/tanmeet/Desktop/cs446/nautilus/libvnc/build/CMakeFiles/CMakeTmp'
Building C object CMakeFiles/cmTC_169f0.dir/CheckIncludeFile.c.o
/usr/bin/cc    -o CMakeFiles/cmTC_169f0.dir/CheckIncludeFile.c.o -c /home/tanmeet/Desktop/cs446/nautilus/libvnc/build/CMakeFiles/CMakeTmp/CheckIncludeFile.c
Linking C executable cmTC_169f0
/usr/bin/cmake -E cmake_link_script CMakeFiles/cmTC_169f0.dir/link.txt --verbose=1
/usr/bin/cc CMakeFiles/cmTC_169f0.dir/CheckIncludeFile.c.o -o cmTC_169f0 
gmake[1]: Leaving directory '/home/tanmeet/Desktop/cs446/nautilus/libvnc/build/CMakeFiles/CMakeTmp'



Performing C SOURCE FILE Test CMAKE_HAVE_LIBC_PTHREAD succeeded with the following output:
Change Dir: /home/tanmeet/Desktop/cs446/nautilus/libvnc/build/CMakeFiles/CMakeTmp

Run Build Command(s):/usr/bin/gmake -f Makefile cmTC_ffebf/fast && /usr/bin/gmake  -f CMakeFiles/cmTC_ffebf.dir/build.make CMakeFiles/cmTC_ffebf.dir/build
gmake[1]: Entering directory '/home/tanmeet/Desktop/cs446/nautilus/libvnc/build/CMakeFiles/CMakeTmp'
Building C object CMakeFiles/cmTC_ffebf.dir/src.c.o
/usr/bin/cc -DCMAKE_HAVE_LIBC_PTHREAD   -o CMakeFiles/cmTC_ffebf.dir/src.c.o -c /home/tanmeet/Desktop/cs446/nautilus/libvnc/build/CMakeFiles/CMakeTmp/src.c
Linking C executable cmTC_ffebf
/usr/bin/cmake -E cmake_link_script CMakeFiles/cmTC_ffebf.dir/link.txt --verbose=1
/usr/bin/cc CMakeFiles/cmTC_ffebf.dir/src.c.o -o cmTC_ffebf 
gmake[1]: Leaving directory '/home/tanmeet/Desktop/cs446/nautilus/libvnc/build/CMakeFiles/CMakeTmp'


Source file was:
#include <pthread.h>

static void* test_func(void* data)
{
  return data;
}

int main(void)
{
  pthread_t thread;
  pthread_create(&thread, NULL, test_func, NULL);
  pthread_detach(thread);
  pthread_cancel(thread);
  pthread_join(thread, NULL);
  pthread_atfork(NULL, NULL, NULL);
  pthread_exit(NULL);

  return 0;
}

Determining if the include file dirent.h exists passed with the following output:
Change Dir: /home/tanmeet/Desktop/cs446/nautilus/libvnc/build/CMakeFiles/CMakeTmp

Run Build Command(s):/usr/bin/gmake -f Makefile cmTC_2607a/fast && /usr/bin/gmake  -f CMakeFiles/cmTC_2607a.dir/build.make CMakeFiles/cmTC_2607a.dir/build
gmake[1]: Entering directory '/home/tanmeet/Desktop/cs446/nautilus/libvnc/build/CMakeFiles/CMakeTmp'
Building C object CMakeFiles/cmTC_2607a.dir/CheckIncludeFile.c.o
/usr/bin/cc    -o CMakeFiles/cmTC_2607a.dir/CheckIncludeFile.c.o -c /home/tanmeet/Desktop/cs446/nautilus/libvnc/build/CMakeFiles/CMakeTmp/CheckIncludeFile.c
Linking C executable cmTC_2607a
/usr/bin/cmake -E cmake_link_script CMakeFiles/cmTC_2607a.dir/link.txt --verbose=1
/usr/bin/cc CMakeFiles/cmTC_2607a.dir/CheckIncludeFile.c.o -o cmTC_2607a 
gmake[1]: Leaving directory '/home/tanmeet/Desktop/cs446/nautilus/libvnc/build/CMakeFiles/CMakeTmp'



Determining if the include file endian.h exists passed with the following output:
Change Dir: /home/tanmeet/Desktop/cs446/nautilus/libvnc/build/CMakeFiles/CMakeTmp

Run Build Command(s):/usr/bin/gmake -f Makefile cmTC_13ded/fast && /usr/bin/gmake  -f CMakeFiles/cmTC_13ded.dir/build.make CMakeFiles/cmTC_13ded.dir/build
gmake[1]: Entering directory '/home/tanmeet/Desktop/cs446/nautilus/libvnc/build/CMakeFiles/CMakeTmp'
Building C object CMakeFiles/cmTC_13ded.dir/CheckIncludeFile.c.o
/usr/bin/cc    -o CMakeFiles/cmTC_13ded.dir/CheckIncludeFile.c.o -c /home/tanmeet/Desktop/cs446/nautilus/libvnc/build/CMakeFiles/CMakeTmp/CheckIncludeFile.c
Linking C executable cmTC_13ded
/usr/bin/cmake -E cmake_link_script CMakeFiles/cmTC_13ded.dir/link.txt --verbose=1
/usr/bin/cc CMakeFiles/cmTC_13ded.dir/CheckIncludeFile.c.o -o cmTC_13ded 
gmake[1]: Leaving directory '/home/tanmeet/Desktop/cs446/nautilus/libvnc/build/CMakeFiles/CMakeTmp'



Determining if the include file fcntl.h exists passed with the following output:
Change Dir: /home/tanmeet/Desktop/cs446/nautilus/libvnc/build/CMakeFiles/CMakeTmp

Run Build Command(s):/usr/bin/gmake -f Makefile cmTC_bb0f8/fast && /usr/bin/gmake  -f CMakeFiles/cmTC_bb0f8.dir/build.make CMakeFiles/cmTC_bb0f8.dir/build
gmake[1]: Entering directory '/home/tanmeet/Desktop/cs446/nautilus/libvnc/build/CMakeFiles/CMakeTmp'
Building C object CMakeFiles/cmTC_bb0f8.dir/CheckIncludeFile.c.o
/usr/bin/cc    -o CMakeFiles/cmTC_bb0f8.dir/CheckIncludeFile.c.o -c /home/tanmeet/Desktop/cs446/nautilus/libvnc/build/CMakeFiles/CMakeTmp/CheckIncludeFile.c
Linking C executable cmTC_bb0f8
/usr/bin/cmake -E cmake_link_script CMakeFiles/cmTC_bb0f8.dir/link.txt --verbose=1
/usr/bin/cc CMakeFiles/cmTC_bb0f8.dir/CheckIncludeFile.c.o -o cmTC_bb0f8 
gmake[1]: Leaving directory '/home/tanmeet/Desktop/cs446/nautilus/libvnc/build/CMakeFiles/CMakeTmp'



Determining if the include file netinet/in.h exists passed with the following output:
Change Dir: /home/tanmeet/Desktop/cs446/nautilus/libvnc/build/CMakeFiles/CMakeTmp

Run Build Command(s):/usr/bin/gmake -f Makefile cmTC_614fa/fast && /usr/bin/gmake  -f CMakeFiles/cmTC_614fa.dir/build.make CMakeFiles/cmTC_614fa.dir/build
gmake[1]: Entering directory '/home/tanmeet/Desktop/cs446/nautilus/libvnc/build/CMakeFiles/CMakeTmp'
Building C object CMakeFiles/cmTC_614fa.dir/CheckIncludeFile.c.o
/usr/bin/cc    -o CMakeFiles/cmTC_614fa.dir/CheckIncludeFile.c.o -c /home/tanmeet/Desktop/cs446/nautilus/libvnc/build/CMakeFiles/CMakeTmp/CheckIncludeFile.c
Linking C executable cmTC_614fa
/usr/bin/cmake -E cmake_link_script CMakeFiles/cmTC_614fa.dir/link.txt --verbose=1
/usr/bin/cc CMakeFiles/cmTC_614fa.dir/CheckIncludeFile.c.o -o cmTC_614fa 
gmake[1]: Leaving directory '/home/tanmeet/Desktop/cs446/nautilus/libvnc/build/CMakeFiles/CMakeTmp'



Determining if the include file sys/socket.h exists passed with the following output:
Change Dir: /home/tanmeet/Desktop/cs446/nautilus/libvnc/build/CMakeFiles/CMakeTmp

Run Build Command(s):/usr/bin/gmake -f Makefile cmTC_42050/fast && /usr/bin/gmake  -f CMakeFiles/cmTC_42050.dir/build.make CMakeFiles/cmTC_42050.dir/build
gmake[1]: Entering directory '/home/tanmeet/Desktop/cs446/nautilus/libvnc/build/CMakeFiles/CMakeTmp'
Building C object CMakeFiles/cmTC_42050.dir/CheckIncludeFile.c.o
/usr/bin/cc    -o CMakeFiles/cmTC_42050.dir/CheckIncludeFile.c.o -c /home/tanmeet/Desktop/cs446/nautilus/libvnc/build/CMakeFiles/CMakeTmp/CheckIncludeFile.c
Linking C executable cmTC_42050
/usr/bin/cmake -E cmake_link_script CMakeFiles/cmTC_42050.dir/link.txt --verbose=1
/usr/bin/cc CMakeFiles/cmTC_42050.dir/CheckIncludeFile.c.o -o cmTC_42050 
gmake[1]: Leaving directory '/home/tanmeet/Desktop/cs446/nautilus/libvnc/build/CMakeFiles/CMakeTmp'



Determining if the include file sys/stat.h exists passed with the following output:
Change Dir: /home/tanmeet/Desktop/cs446/nautilus/libvnc/build/CMakeFiles/CMakeTmp

Run Build Command(s):/usr/bin/gmake -f Makefile cmTC_f94c2/fast && /usr/bin/gmake  -f CMakeFiles/cmTC_f94c2.dir/build.make CMakeFiles/cmTC_f94c2.dir/build
gmake[1]: Entering directory '/home/tanmeet/Desktop/cs446/nautilus/libvnc/build/CMakeFiles/CMakeTmp'
Building C object CMakeFiles/cmTC_f94c2.dir/CheckIncludeFile.c.o
/usr/bin/cc    -o CMakeFiles/cmTC_f94c2.dir/CheckIncludeFile.c.o -c /home/tanmeet/Desktop/cs446/nautilus/libvnc/build/CMakeFiles/CMakeTmp/CheckIncludeFile.c
Linking C executable cmTC_f94c2
/usr/bin/cmake -E cmake_link_script CMakeFiles/cmTC_f94c2.dir/link.txt --verbose=1
/usr/bin/cc CMakeFiles/cmTC_f94c2.dir/CheckIncludeFile.c.o -o cmTC_f94c2 
gmake[1]: Leaving directory '/home/tanmeet/Desktop/cs446/nautilus/libvnc/build/CMakeFiles/CMakeTmp'



Determining if the include file sys/time.h exists passed with the following output:
Change Dir: /home/tanmeet/Desktop/cs446/nautilus/libvnc/build/CMakeFiles/CMakeTmp

Run Build Command(s):/usr/bin/gmake -f Makefile cmTC_747e1/fast && /usr/bin/gmake  -f CMakeFiles/cmTC_747e1.dir/build.make CMakeFiles/cmTC_747e1.dir/build
gmake[1]: Entering directory '/home/tanmeet/Desktop/cs446/nautilus/libvnc/build/CMakeFiles/CMakeTmp'
Building C object CMakeFiles/cmTC_747e1.dir/CheckIncludeFile.c.o
/usr/bin/cc    -o CMakeFiles/cmTC_747e1.dir/CheckIncludeFile.c.o -c /home/tanmeet/Desktop/cs446/nautilus/libvnc/build/CMakeFiles/CMakeTmp/CheckIncludeFile.c
Linking C executable cmTC_747e1
/usr/bin/cmake -E cmake_link_script CMakeFiles/cmTC_747e1.dir/link.txt --verbose=1
/usr/bin/cc CMakeFiles/cmTC_747e1.dir/CheckIncludeFile.c.o -o cmTC_747e1 
gmake[1]: Leaving directory '/home/tanmeet/Desktop/cs446/nautilus/libvnc/build/CMakeFiles/CMakeTmp'



Determining if the include file sys/types.h exists passed with the following output:
Change Dir: /home/tanmeet/Desktop/cs446/nautilus/libvnc/build/CMakeFiles/CMakeTmp

Run Build Command(s):/usr/bin/gmake -f Makefile cmTC_9202c/fast && /usr/bin/gmake  -f CMakeFiles/cmTC_9202c.dir/build.make CMakeFiles/cmTC_9202c.dir/build
gmake[1]: Entering directory '/home/tanmeet/Desktop/cs446/nautilus/libvnc/build/CMakeFiles/CMakeTmp'
Building C object CMakeFiles/cmTC_9202c.dir/CheckIncludeFile.c.o
/usr/bin/cc    -o CMakeFiles/cmTC_9202c.dir/CheckIncludeFile.c.o -c /home/tanmeet/Desktop/cs446/nautilus/libvnc/build/CMakeFiles/CMakeTmp/CheckIncludeFile.c
Linking C executable cmTC_9202c
/usr/bin/cmake -E cmake_link_script CMakeFiles/cmTC_9202c.dir/link.txt --verbose=1
/usr/bin/cc CMakeFiles/cmTC_9202c.dir/CheckIncludeFile.c.o -o cmTC_9202c 
gmake[1]: Leaving directory '/home/tanmeet/Desktop/cs446/nautilus/libvnc/build/CMakeFiles/CMakeTmp'



Determining if the include file sys/wait.h exists passed with the following output:
Change Dir: /home/tanmeet/Desktop/cs446/nautilus/libvnc/build/CMakeFiles/CMakeTmp

Run Build Command(s):/usr/bin/gmake -f Makefile cmTC_9d8aa/fast && /usr/bin/gmake  -f CMakeFiles/cmTC_9d8aa.dir/build.make CMakeFiles/cmTC_9d8aa.dir/build
gmake[1]: Entering directory '/home/tanmeet/Desktop/cs446/nautilus/libvnc/build/CMakeFiles/CMakeTmp'
Building C object CMakeFiles/cmTC_9d8aa.dir/CheckIncludeFile.c.o
/usr/bin/cc    -o CMakeFiles/cmTC_9d8aa.dir/CheckIncludeFile.c.o -c /home/tanmeet/Desktop/cs446/nautilus/libvnc/build/CMakeFiles/CMakeTmp/CheckIncludeFile.c
Linking C executable cmTC_9d8aa
/usr/bin/cmake -E cmake_link_script CMakeFiles/cmTC_9d8aa.dir/link.txt --verbose=1
/usr/bin/cc CMakeFiles/cmTC_9d8aa.dir/CheckIncludeFile.c.o -o cmTC_9d8aa 
gmake[1]: Leaving directory '/home/tanmeet/Desktop/cs446/nautilus/libvnc/build/CMakeFiles/CMakeTmp'



Determining if the include file unistd.h exists passed with the following output:
Change Dir: /home/tanmeet/Desktop/cs446/nautilus/libvnc/build/CMakeFiles/CMakeTmp

Run Build Command(s):/usr/bin/gmake -f Makefile cmTC_29132/fast && /usr/bin/gmake  -f CMakeFiles/cmTC_29132.dir/build.make CMakeFiles/cmTC_29132.dir/build
gmake[1]: Entering directory '/home/tanmeet/Desktop/cs446/nautilus/libvnc/build/CMakeFiles/CMakeTmp'
Building C object CMakeFiles/cmTC_29132.dir/CheckIncludeFile.c.o
/usr/bin/cc    -o CMakeFiles/cmTC_29132.dir/CheckIncludeFile.c.o -c /home/tanmeet/Desktop/cs446/nautilus/libvnc/build/CMakeFiles/CMakeTmp/CheckIncludeFile.c
Linking C executable cmTC_29132
/usr/bin/cmake -E cmake_link_script CMakeFiles/cmTC_29132.dir/link.txt --verbose=1
/usr/bin/cc CMakeFiles/cmTC_29132.dir/CheckIncludeFile.c.o -o cmTC_29132 
gmake[1]: Leaving directory '/home/tanmeet/Desktop/cs446/nautilus/libvnc/build/CMakeFiles/CMakeTmp'



Determining if the include file sys/resource.h exists passed with the following output:
Change Dir: /home/tanmeet/Desktop/cs446/nautilus/libvnc/build/CMakeFiles/CMakeTmp

Run Build Command(s):/usr/bin/gmake -f Makefile cmTC_bbead/fast && /usr/bin/gmake  -f CMakeFiles/cmTC_bbead.dir/build.make CMakeFiles/cmTC_bbead.dir/build
gmake[1]: Entering directory '/home/tanmeet/Desktop/cs446/nautilus/libvnc/build/CMakeFiles/CMakeTmp'
Building C object CMakeFiles/cmTC_bbead.dir/CheckIncludeFile.c.o
/usr/bin/cc    -o CMakeFiles/cmTC_bbead.dir/CheckIncludeFile.c.o -c /home/tanmeet/Desktop/cs446/nautilus/libvnc/build/CMakeFiles/CMakeTmp/CheckIncludeFile.c
Linking C executable cmTC_bbead
/usr/bin/cmake -E cmake_link_script CMakeFiles/cmTC_bbead.dir/link.txt --verbose=1
/usr/bin/cc CMakeFiles/cmTC_bbead.dir/CheckIncludeFile.c.o -o cmTC_bbead 
gmake[1]: Leaving directory '/home/tanmeet/Desktop/cs446/nautilus/libvnc/build/CMakeFiles/CMakeTmp'



Determining if the include file arpa/inet.h exists passed with the following output:
Change Dir: /home/tanmeet/Desktop/cs446/nautilus/libvnc/build/CMakeFiles/CMakeTmp

Run Build Command(s):/usr/bin/gmake -f Makefile cmTC_93443/fast && /usr/bin/gmake  -f CMakeFiles/cmTC_93443.dir/build.make CMakeFiles/cmTC_93443.dir/build
gmake[1]: Entering directory '/home/tanmeet/Desktop/cs446/nautilus/libvnc/build/CMakeFiles/CMakeTmp'
Building C object CMakeFiles/cmTC_93443.dir/CheckIncludeFile.c.o
/usr/bin/cc    -o CMakeFiles/cmTC_93443.dir/CheckIncludeFile.c.o -c /home/tanmeet/Desktop/cs446/nautilus/libvnc/build/CMakeFiles/CMakeTmp/CheckIncludeFile.c
Linking C executable cmTC_93443
/usr/bin/cmake -E cmake_link_script CMakeFiles/cmTC_93443.dir/link.txt --verbose=1
/usr/bin/cc CMakeFiles/cmTC_93443.dir/CheckIncludeFile.c.o -o cmTC_93443 
gmake[1]: Leaving directory '/home/tanmeet/Desktop/cs446/nautilus/libvnc/build/CMakeFiles/CMakeTmp'



Determining if the include file stdint.h exists passed with the following output:
Change Dir: /home/tanmeet/Desktop/cs446/nautilus/libvnc/build/CMakeFiles/CMakeTmp

Run Build Command(s):/usr/bin/gmake -f Makefile cmTC_41917/fast && /usr/bin/gmake  -f CMakeFiles/cmTC_41917.dir/build.make CMakeFiles/cmTC_41917.dir/build
gmake[1]: Entering directory '/home/tanmeet/Desktop/cs446/nautilus/libvnc/build/CMakeFiles/CMakeTmp'
Building C object CMakeFiles/cmTC_41917.dir/CheckIncludeFile.c.o
/usr/bin/cc    -o CMakeFiles/cmTC_41917.dir/CheckIncludeFile.c.o -c /home/tanmeet/Desktop/cs446/nautilus/libvnc/build/CMakeFiles/CMakeTmp/CheckIncludeFile.c
Linking C executable cmTC_41917
/usr/bin/cmake -E cmake_link_script CMakeFiles/cmTC_41917.dir/link.txt --verbose=1
/usr/bin/cc CMakeFiles/cmTC_41917.dir/CheckIncludeFile.c.o -o cmTC_41917 
gmake[1]: Leaving directory '/home/tanmeet/Desktop/cs446/nautilus/libvnc/build/CMakeFiles/CMakeTmp'



Determining if the include file stddef.h exists passed with the following output:
Change Dir: /home/tanmeet/Desktop/cs446/nautilus/libvnc/build/CMakeFiles/CMakeTmp

Run Build Command(s):/usr/bin/gmake -f Makefile cmTC_98eb6/fast && /usr/bin/gmake  -f CMakeFiles/cmTC_98eb6.dir/build.make CMakeFiles/cmTC_98eb6.dir/build
gmake[1]: Entering directory '/home/tanmeet/Desktop/cs446/nautilus/libvnc/build/CMakeFiles/CMakeTmp'
Building C object CMakeFiles/cmTC_98eb6.dir/CheckIncludeFile.c.o
/usr/bin/cc    -o CMakeFiles/cmTC_98eb6.dir/CheckIncludeFile.c.o -c /home/tanmeet/Desktop/cs446/nautilus/libvnc/build/CMakeFiles/CMakeTmp/CheckIncludeFile.c
Linking C executable cmTC_98eb6
/usr/bin/cmake -E cmake_link_script CMakeFiles/cmTC_98eb6.dir/link.txt --verbose=1
/usr/bin/cc CMakeFiles/cmTC_98eb6.dir/CheckIncludeFile.c.o -o cmTC_98eb6 
gmake[1]: Leaving directory '/home/tanmeet/Desktop/cs446/nautilus/libvnc/build/CMakeFiles/CMakeTmp'



Determining if the include file sys/types.h exists passed with the following output:
Change Dir: /home/tanmeet/Desktop/cs446/nautilus/libvnc/build/CMakeFiles/CMakeTmp

Run Build Command(s):/usr/bin/gmake -f Makefile cmTC_cbeb1/fast && /usr/bin/gmake  -f CMakeFiles/cmTC_cbeb1.dir/build.make CMakeFiles/cmTC_cbeb1.dir/build
gmake[1]: Entering directory '/home/tanmeet/Desktop/cs446/nautilus/libvnc/build/CMakeFiles/CMakeTmp'
Building C object CMakeFiles/cmTC_cbeb1.dir/CheckIncludeFile.c.o
/usr/bin/cc    -o CMakeFiles/cmTC_cbeb1.dir/CheckIncludeFile.c.o -c /home/tanmeet/Desktop/cs446/nautilus/libvnc/build/CMakeFiles/CMakeTmp/CheckIncludeFile.c
Linking C executable cmTC_cbeb1
/usr/bin/cmake -E cmake_link_script CMakeFiles/cmTC_cbeb1.dir/link.txt --verbose=1
/usr/bin/cc CMakeFiles/cmTC_cbeb1.dir/CheckIncludeFile.c.o -o cmTC_cbeb1 
gmake[1]: Leaving directory '/home/tanmeet/Desktop/cs446/nautilus/libvnc/build/CMakeFiles/CMakeTmp'



Determining if the function gettimeofday exists passed with the following output:
Change Dir: /home/tanmeet/Desktop/cs446/nautilus/libvnc/build/CMakeFiles/CMakeTmp

Run Build Command(s):/usr/bin/gmake -f Makefile cmTC_a3ed9/fast && /usr/bin/gmake  -f CMakeFiles/cmTC_a3ed9.dir/build.make CMakeFiles/cmTC_a3ed9.dir/build
gmake[1]: Entering directory '/home/tanmeet/Desktop/cs446/nautilus/libvnc/build/CMakeFiles/CMakeTmp'
Building C object CMakeFiles/cmTC_a3ed9.dir/CheckFunctionExists.c.o
/usr/bin/cc   -DCHECK_FUNCTION_EXISTS=gettimeofday -o CMakeFiles/cmTC_a3ed9.dir/CheckFunctionExists.c.o -c /usr/share/cmake-3.22/Modules/CheckFunctionExists.c
Linking C executable cmTC_a3ed9
/usr/bin/cmake -E cmake_link_script CMakeFiles/cmTC_a3ed9.dir/link.txt --verbose=1
/usr/bin/cc  -DCHECK_FUNCTION_EXISTS=gettimeofday CMakeFiles/cmTC_a3ed9.dir/CheckFunctionExists.c.o -o cmTC_a3ed9 
gmake[1]: Leaving directory '/home/tanmeet/Desktop/cs446/nautilus/libvnc/build/CMakeFiles/CMakeTmp'



Determining if the function vfork exists passed with the following output:
Change Dir: /home/tanmeet/Desktop/cs446/nautilus/libvnc/build/CMakeFiles/CMakeTmp

Run Build Command(s):/usr/bin/gmake -f Makefile cmTC_39b58/fast && /usr/bin/gmake  -f CMakeFiles/cmTC_39b58.dir/build.make CMakeFiles/cmTC_39b58.dir/build
gmake[1]: Entering directory '/home/tanmeet/Desktop/cs446/nautilus/libvnc/build/CMakeFiles/CMakeTmp'
Building C object CMakeFiles/cmTC_39b58.dir/CheckFunctionExists.c.o
/usr/bin/cc   -DCHECK_FUNCTION_EXISTS=vfork -o CMakeFiles/cmTC_39b58.dir/CheckFunctionExists.c.o -c /usr/share/cmake-3.22/Modules/CheckFunctionExists.c
Linking C executable cmTC_39b58
/usr/bin/cmake -E cmake_link_script CMakeFiles/cmTC_39b58.dir/link.txt --verbose=1
/usr/bin/cc  -DCHECK_FUNCTION_EXISTS=vfork CMakeFiles/cmTC_39b58.dir/CheckFunctionExists.c.o -o cmTC_39b58 
gmake[1]: Leaving directory '/home/tanmeet/Desktop/cs446/nautilus/libvnc/build/CMakeFiles/CMakeTmp'



Determining if the function vprintf exists passed with the following output:
Change Dir: /home/tanmeet/Desktop/cs446/nautilus/libvnc/build/CMakeFiles/CMakeTmp

Run Build Command(s):/usr/bin/gmake -f Makefile cmTC_f4e9e/fast && /usr/bin/gmake  -f CMakeFiles/cmTC_f4e9e.dir/build.make CMakeFiles/cmTC_f4e9e.dir/build
gmake[1]: Entering directory '/home/tanmeet/Desktop/cs446/nautilus/libvnc/build/CMakeFiles/CMakeTmp'
Building C object CMakeFiles/cmTC_f4e9e.dir/CheckFunctionExists.c.o
/usr/bin/cc   -DCHECK_FUNCTION_EXISTS=vprintf -o CMakeFiles/cmTC_f4e9e.dir/CheckFunctionExists.c.o -c /usr/share/cmake-3.22/Modules/CheckFunctionExists.c
<command-line>: warning: conflicting types for built-in function ‘vprintf’; expected ‘int(const char *, __va_list_tag *)’ [-Wbuiltin-declaration-mismatch]
/usr/share/cmake-3.22/Modules/CheckFunctionExists.c:7:3: note: in expansion of macro ‘CHECK_FUNCTION_EXISTS’
    7 |   CHECK_FUNCTION_EXISTS(void);
      |   ^~~~~~~~~~~~~~~~~~~~~
/usr/share/cmake-3.22/Modules/CheckFunctionExists.c:1:1: note: ‘vprintf’ is declared in header ‘<stdio.h>’
  +++ |+#include <stdio.h>
    1 | #ifdef CHECK_FUNCTION_EXISTS
Linking C executable cmTC_f4e9e
/usr/bin/cmake -E cmake_link_script CMakeFiles/cmTC_f4e9e.dir/link.txt --verbose=1
/usr/bin/cc  -DCHECK_FUNCTION_EXISTS=vprintf CMakeFiles/cmTC_f4e9e.dir/CheckFunctionExists.c.o -o cmTC_f4e9e 
gmake[1]: Leaving directory '/home/tanmeet/Desktop/cs446/nautilus/libvnc/build/CMakeFiles/CMakeTmp'



Determining if the function mmap exists passed with the following output:
Change Dir: /home/tanmeet/Desktop/cs446/nautilus/libvnc/build/CMakeFiles/CMakeTmp

Run Build Command(s):/usr/bin/gmake -f Makefile cmTC_f3038/fast && /usr/bin/gmake  -f CMakeFiles/cmTC_f3038.dir/build.make CMakeFiles/cmTC_f3038.dir/build
gmake[1]: Entering directory '/home/tanmeet/Desktop/cs446/nautilus/libvnc/build/CMakeFiles/CMakeTmp'
Building C object CMakeFiles/cmTC_f3038.dir/CheckFunctionExists.c.o
/usr/bin/cc   -DCHECK_FUNCTION_EXISTS=mmap -o CMakeFiles/cmTC_f3038.dir/CheckFunctionExists.c.o -c /usr/share/cmake-3.22/Modules/CheckFunctionExists.c
Linking C executable cmTC_f3038
/usr/bin/cmake -E cmake_link_script CMakeFiles/cmTC_f3038.dir/link.txt --verbose=1
/usr/bin/cc  -DCHECK_FUNCTION_EXISTS=mmap CMakeFiles/cmTC_f3038.dir/CheckFunctionExists.c.o -o cmTC_f3038 
gmake[1]: Leaving directory '/home/tanmeet/Desktop/cs446/nautilus/libvnc/build/CMakeFiles/CMakeTmp'



Determining if the function fork exists passed with the following output:
Change Dir: /home/tanmeet/Desktop/cs446/nautilus/libvnc/build/CMakeFiles/CMakeTmp

Run Build Command(s):/usr/bin/gmake -f Makefile cmTC_c517b/fast && /usr/bin/gmake  -f CMakeFiles/cmTC_c517b.dir/build.make CMakeFiles/cmTC_c517b.dir/build
gmake[1]: Entering directory '/home/tanmeet/Desktop/cs446/nautilus/libvnc/build/CMakeFiles/CMakeTmp'
Building C object CMakeFiles/cmTC_c517b.dir/CheckFunctionExists.c.o
/usr/bin/cc   -DCHECK_FUNCTION_EXISTS=fork -o CMakeFiles/cmTC_c517b.dir/CheckFunctionExists.c.o -c /usr/share/cmake-3.22/Modules/CheckFunctionExists.c
<command-line>: warning: conflicting types for built-in function ‘fork’; expected ‘int(void)’ [-Wbuiltin-declaration-mismatch]
/usr/share/cmake-3.22/Modules/CheckFunctionExists.c:7:3: note: in expansion of macro ‘CHECK_FUNCTION_EXISTS’
    7 |   CHECK_FUNCTION_EXISTS(void);
      |   ^~~~~~~~~~~~~~~~~~~~~
Linking C executable cmTC_c517b
/usr/bin/cmake -E cmake_link_script CMakeFiles/cmTC_c517b.dir/link.txt --verbose=1
/usr/bin/cc  -DCHECK_FUNCTION_EXISTS=fork CMakeFiles/cmTC_c517b.dir/CheckFunctionExists.c.o -o cmTC_c517b 
gmake[1]: Leaving directory '/home/tanmeet/Desktop/cs446/nautilus/libvnc/build/CMakeFiles/CMakeTmp'



Determining if the function ftime exists passed with the following output:
Change Dir: /home/tanmeet/Desktop/cs446/nautilus/libvnc/build/CMakeFiles/CMakeTmp

Run Build Command(s):/usr/bin/gmake -f Makefile cmTC_4e71c/fast && /usr/bin/gmake  -f CMakeFiles/cmTC_4e71c.dir/build.make CMakeFiles/cmTC_4e71c.dir/build
gmake[1]: Entering directory '/home/tanmeet/Desktop/cs446/nautilus/libvnc/build/CMakeFiles/CMakeTmp'
Building C object CMakeFiles/cmTC_4e71c.dir/CheckFunctionExists.c.o
/usr/bin/cc   -DCHECK_FUNCTION_EXISTS=ftime -o CMakeFiles/cmTC_4e71c.dir/CheckFunctionExists.c.o -c /usr/share/cmake-3.22/Modules/CheckFunctionExists.c
Linking C executable cmTC_4e71c
/usr/bin/cmake -E cmake_link_script CMakeFiles/cmTC_4e71c.dir/link.txt --verbose=1
/usr/bin/cc  -DCHECK_FUNCTION_EXISTS=ftime CMakeFiles/cmTC_4e71c.dir/CheckFunctionExists.c.o -o cmTC_4e71c 
gmake[1]: Leaving directory '/home/tanmeet/Desktop/cs446/nautilus/libvnc/build/CMakeFiles/CMakeTmp'



Determining if the function gethostbyname exists passed with the following output:
Change Dir: /home/tanmeet/Desktop/cs446/nautilus/libvnc/build/CMakeFiles/CMakeTmp

Run Build Command(s):/usr/bin/gmake -f Makefile cmTC_008bc/fast && /usr/bin/gmake  -f CMakeFiles/cmTC_008bc.dir/build.make CMakeFiles/cmTC_008bc.dir/build
gmake[1]: Entering directory '/home/tanmeet/Desktop/cs446/nautilus/libvnc/build/CMakeFiles/CMakeTmp'
Building C object CMakeFiles/cmTC_008bc.dir/CheckFunctionExists.c.o
/usr/bin/cc   -DCHECK_FUNCTION_EXISTS=gethostbyname -o CMakeFiles/cmTC_008bc.dir/CheckFunctionExists.c.o -c /usr/share/cmake-3.22/Modules/CheckFunctionExists.c
Linking C executable cmTC_008bc
/usr/bin/cmake -E cmake_link_script CMakeFiles/cmTC_008bc.dir/link.txt --verbose=1
/usr/bin/cc  -DCHECK_FUNCTION_EXISTS=gethostbyname CMakeFiles/cmTC_008bc.dir/CheckFunctionExists.c.o -o cmTC_008bc 
gmake[1]: Leaving directory '/home/tanmeet/Desktop/cs446/nautilus/libvnc/build/CMakeFiles/CMakeTmp'



Determining if the function gethostname exists passed with the following output:
Change Dir: /home/tanmeet/Desktop/cs446/nautilus/libvnc/build/CMakeFiles/CMakeTmp

Run Build Command(s):/usr/bin/gmake -f Makefile cmTC_3ce9a/fast && /usr/bin/gmake  -f CMakeFiles/cmTC_3ce9a.dir/build.make CMakeFiles/cmTC_3ce9a.dir/build
gmake[1]: Entering directory '/home/tanmeet/Desktop/cs446/nautilus/libvnc/build/CMakeFiles/CMakeTmp'
Building C object CMakeFiles/cmTC_3ce9a.dir/CheckFunctionExists.c.o
/usr/bin/cc   -DCHECK_FUNCTION_EXISTS=gethostname -o CMakeFiles/cmTC_3ce9a.dir/CheckFunctionExists.c.o -c /usr/share/cmake-3.22/Modules/CheckFunctionExists.c
Linking C executable cmTC_3ce9a
/usr/bin/cmake -E cmake_link_script CMakeFiles/cmTC_3ce9a.dir/link.txt --verbose=1
/usr/bin/cc  -DCHECK_FUNCTION_EXISTS=gethostname CMakeFiles/cmTC_3ce9a.dir/CheckFunctionExists.c.o -o cmTC_3ce9a 
gmake[1]: Leaving directory '/home/tanmeet/Desktop/cs446/nautilus/libvnc/build/CMakeFiles/CMakeTmp'



Determining if the function inet_ntoa exists passed with the following output:
Change Dir: /home/tanmeet/Desktop/cs446/nautilus/libvnc/build/CMakeFiles/CMakeTmp

Run Build Command(s):/usr/bin/gmake -f Makefile cmTC_b9474/fast && /usr/bin/gmake  -f CMakeFiles/cmTC_b9474.dir/build.make CMakeFiles/cmTC_b9474.dir/build
gmake[1]: Entering directory '/home/tanmeet/Desktop/cs446/nautilus/libvnc/build/CMakeFiles/CMakeTmp'
Building C object CMakeFiles/cmTC_b9474.dir/CheckFunctionExists.c.o
/usr/bin/cc   -DCHECK_FUNCTION_EXISTS=inet_ntoa -o CMakeFiles/cmTC_b9474.dir/CheckFunctionExists.c.o -c /usr/share/cmake-3.22/Modules/CheckFunctionExists.c
Linking C executable cmTC_b9474
/usr/bin/cmake -E cmake_link_script CMakeFiles/cmTC_b9474.dir/link.txt --verbose=1
/usr/bin/cc  -DCHECK_FUNCTION_EXISTS=inet_ntoa CMakeFiles/cmTC_b9474.dir/CheckFunctionExists.c.o -o cmTC_b9474 
gmake[1]: Leaving directory '/home/tanmeet/Desktop/cs446/nautilus/libvnc/build/CMakeFiles/CMakeTmp'



Determining if the function memmove exists passed with the following output:
Change Dir: /home/tanmeet/Desktop/cs446/nautilus/libvnc/build/CMakeFiles/CMakeTmp

Run Build Command(s):/usr/bin/gmake -f Makefile cmTC_8b301/fast && /usr/bin/gmake  -f CMakeFiles/cmTC_8b301.dir/build.make CMakeFiles/cmTC_8b301.dir/build
gmake[1]: Entering directory '/home/tanmeet/Desktop/cs446/nautilus/libvnc/build/CMakeFiles/CMakeTmp'
Building C object CMakeFiles/cmTC_8b301.dir/CheckFunctionExists.c.o
/usr/bin/cc   -DCHECK_FUNCTION_EXISTS=memmove -o CMakeFiles/cmTC_8b301.dir/CheckFunctionExists.c.o -c /usr/share/cmake-3.22/Modules/CheckFunctionExists.c
<command-line>: warning: conflicting types for built-in function ‘memmove’; expected ‘void *(void *, const void *, long unsigned int)’ [-Wbuiltin-declaration-mismatch]
/usr/share/cmake-3.22/Modules/CheckFunctionExists.c:7:3: note: in expansion of macro ‘CHECK_FUNCTION_EXISTS’
    7 |   CHECK_FUNCTION_EXISTS(void);
      |   ^~~~~~~~~~~~~~~~~~~~~
/usr/share/cmake-3.22/Modules/CheckFunctionExists.c:1:1: note: ‘memmove’ is declared in header ‘<string.h>’
  +++ |+#include <string.h>
    1 | #ifdef CHECK_FUNCTION_EXISTS
Linking C executable cmTC_8b301
/usr/bin/cmake -E cmake_link_script CMakeFiles/cmTC_8b301.dir/link.txt --verbose=1
/usr/bin/cc  -DCHECK_FUNCTION_EXISTS=memmove CMakeFiles/cmTC_8b301.dir/CheckFunctionExists.c.o -o cmTC_8b301 
gmake[1]: Leaving directory '/home/tanmeet/Desktop/cs446/nautilus/libvnc/build/CMakeFiles/CMakeTmp'



Determining if the function memset exists passed with the following output:
Change Dir: /home/tanmeet/Desktop/cs446/nautilus/libvnc/build/CMakeFiles/CMakeTmp

Run Build Command(s):/usr/bin/gmake -f Makefile cmTC_ba358/fast && /usr/bin/gmake  -f CMakeFiles/cmTC_ba358.dir/build.make CMakeFiles/cmTC_ba358.dir/build
gmake[1]: Entering directory '/home/tanmeet/Desktop/cs446/nautilus/libvnc/build/CMakeFiles/CMakeTmp'
Building C object CMakeFiles/cmTC_ba358.dir/CheckFunctionExists.c.o
/usr/bin/cc   -DCHECK_FUNCTION_EXISTS=memset -o CMakeFiles/cmTC_ba358.dir/CheckFunctionExists.c.o -c /usr/share/cmake-3.22/Modules/CheckFunctionExists.c
<command-line>: warning: conflicting types for built-in function ‘memset’; expected ‘void *(void *, int,  long unsigned int)’ [-Wbuiltin-declaration-mismatch]
/usr/share/cmake-3.22/Modules/CheckFunctionExists.c:7:3: note: in expansion of macro ‘CHECK_FUNCTION_EXISTS’
    7 |   CHECK_FUNCTION_EXISTS(void);
      |   ^~~~~~~~~~~~~~~~~~~~~
/usr/share/cmake-3.22/Modules/CheckFunctionExists.c:1:1: note: ‘memset’ is declared in header ‘<string.h>’
  +++ |+#include <string.h>
    1 | #ifdef CHECK_FUNCTION_EXISTS
Linking C executable cmTC_ba358
/usr/bin/cmake -E cmake_link_script CMakeFiles/cmTC_ba358.dir/link.txt --verbose=1
/usr/bin/cc  -DCHECK_FUNCTION_EXISTS=memset CMakeFiles/cmTC_ba358.dir/CheckFunctionExists.c.o -o cmTC_ba358 
gmake[1]: Leaving directory '/home/tanmeet/Desktop/cs446/nautilus/libvnc/build/CMakeFiles/CMakeTmp'



Determining if the function mkfifo exists passed with the following output:
Change Dir: /home/tanmeet/Desktop/cs446/nautilus/libvnc/build/CMakeFiles/CMakeTmp

Run Build Command(s):/usr/bin/gmake -f Makefile cmTC_28ac9/fast && /usr/bin/gmake  -f CMakeFiles/cmTC_28ac9.dir/build.make CMakeFiles/cmTC_28ac9.dir/build
gmake[1]: Entering directory '/home/tanmeet/Desktop/cs446/nautilus/libvnc/build/CMakeFiles/CMakeTmp'
Building C object CMakeFiles/cmTC_28ac9.dir/CheckFunctionExists.c.o
/usr/bin/cc   -DCHECK_FUNCTION_EXISTS=mkfifo -o CMakeFiles/cmTC_28ac9.dir/CheckFunctionExists.c.o -c /usr/share/cmake-3.22/Modules/CheckFunctionExists.c
Linking C executable cmTC_28ac9
/usr/bin/cmake -E cmake_link_script CMakeFiles/cmTC_28ac9.dir/link.txt --verbose=1
/usr/bin/cc  -DCHECK_FUNCTION_EXISTS=mkfifo CMakeFiles/cmTC_28ac9.dir/CheckFunctionExists.c.o -o cmTC_28ac9 
gmake[1]: Leaving directory '/home/tanmeet/Desktop/cs446/nautilus/libvnc/build/CMakeFiles/CMakeTmp'



Determining if the function select exists passed with the following output:
Change Dir: /home/tanmeet/Desktop/cs446/nautilus/libvnc/build/CMakeFiles/CMakeTmp

Run Build Command(s):/usr/bin/gmake -f Makefile cmTC_3ba13/fast && /usr/bin/gmake  -f CMakeFiles/cmTC_3ba13.dir/build.make CMakeFiles/cmTC_3ba13.dir/build
gmake[1]: Entering directory '/home/tanmeet/Desktop/cs446/nautilus/libvnc/build/CMakeFiles/CMakeTmp'
Building C object CMakeFiles/cmTC_3ba13.dir/CheckFunctionExists.c.o
/usr/bin/cc   -DCHECK_FUNCTION_EXISTS=select -o CMakeFiles/cmTC_3ba13.dir/CheckFunctionExists.c.o -c /usr/share/cmake-3.22/Modules/CheckFunctionExists.c
Linking C executable cmTC_3ba13
/usr/bin/cmake -E cmake_link_script CMakeFiles/cmTC_3ba13.dir/link.txt --verbose=1
/usr/bin/cc  -DCHECK_FUNCTION_EXISTS=select CMakeFiles/cmTC_3ba13.dir/CheckFunctionExists.c.o -o cmTC_3ba13 
gmake[1]: Leaving directory '/home/tanmeet/Desktop/cs446/nautilus/libvnc/build/CMakeFiles/CMakeTmp'



Determining if the function socket exists passed with the following output:
Change Dir: /home/tanmeet/Desktop/cs446/nautilus/libvnc/build/CMakeFiles/CMakeTmp

Run Build Command(s):/usr/bin/gmake -f Makefile cmTC_c42aa/fast && /usr/bin/gmake  -f CMakeFiles/cmTC_c42aa.dir/build.make CMakeFiles/cmTC_c42aa.dir/build
gmake[1]: Entering directory '/home/tanmeet/Desktop/cs446/nautilus/libvnc/build/CMakeFiles/CMakeTmp'
Building C object CMakeFiles/cmTC_c42aa.dir/CheckFunctionExists.c.o
/usr/bin/cc   -DCHECK_FUNCTION_EXISTS=socket -o CMakeFiles/cmTC_c42aa.dir/CheckFunctionExists.c.o -c /usr/share/cmake-3.22/Modules/CheckFunctionExists.c
Linking C executable cmTC_c42aa
/usr/bin/cmake -E cmake_link_script CMakeFiles/cmTC_c42aa.dir/link.txt --verbose=1
/usr/bin/cc  -DCHECK_FUNCTION_EXISTS=socket CMakeFiles/cmTC_c42aa.dir/CheckFunctionExists.c.o -o cmTC_c42aa 
gmake[1]: Leaving directory '/home/tanmeet/Desktop/cs446/nautilus/libvnc/build/CMakeFiles/CMakeTmp'



Determining if the function strchr exists passed with the following output:
Change Dir: /home/tanmeet/Desktop/cs446/nautilus/libvnc/build/CMakeFiles/CMakeTmp

Run Build Command(s):/usr/bin/gmake -f Makefile cmTC_be38f/fast && /usr/bin/gmake  -f CMakeFiles/cmTC_be38f.dir/build.make CMakeFiles/cmTC_be38f.dir/build
gmake[1]: Entering directory '/home/tanmeet/Desktop/cs446/nautilus/libvnc/build/CMakeFiles/CMakeTmp'
Building C object CMakeFiles/cmTC_be38f.dir/CheckFunctionExists.c.o
/usr/bin/cc   -DCHECK_FUNCTION_EXISTS=strchr -o CMakeFiles/cmTC_be38f.dir/CheckFunctionExists.c.o -c /usr/share/cmake-3.22/Modules/CheckFunctionExists.c
<command-line>: warning: conflicting types for built-in function ‘strchr’; expected ‘char *(const char *, int)’ [-Wbuiltin-declaration-mismatch]
/usr/share/cmake-3.22/Modules/CheckFunctionExists.c:7:3: note: in expansion of macro ‘CHECK_FUNCTION_EXISTS’
    7 |   CHECK_FUNCTION_EXISTS(void);
      |   ^~~~~~~~~~~~~~~~~~~~~
/usr/share/cmake-3.22/Modules/CheckFunctionExists.c:1:1: note: ‘strchr’ is declared in header ‘<string.h>’
  +++ |+#include <string.h>
    1 | #ifdef CHECK_FUNCTION_EXISTS
Linking C executable cmTC_be38f
/usr/bin/cmake -E cmake_link_script CMakeFiles/cmTC_be38f.dir/link.txt --verbose=1
/usr/bin/cc  -DCHECK_FUNCTION_EXISTS=strchr CMakeFiles/cmTC_be38f.dir/CheckFunctionExists.c.o -o cmTC_be38f 
gmake[1]: Leaving directory '/home/tanmeet/Desktop/cs446/nautilus/libvnc/build/CMakeFiles/CMakeTmp'



Determining if the function strcspn exists passed with the following output:
Change Dir: /home/tanmeet/Desktop/cs446/nautilus/libvnc/build/CMakeFiles/CMakeTmp

Run Build Command(s):/usr/bin/gmake -f Makefile cmTC_3eeb8/fast && /usr/bin/gmake  -f CMakeFiles/cmTC_3eeb8.dir/build.make CMakeFiles/cmTC_3eeb8.dir/build
gmake[1]: Entering directory '/home/tanmeet/Desktop/cs446/nautilus/libvnc/build/CMakeFiles/CMakeTmp'
Building C object CMakeFiles/cmTC_3eeb8.dir/CheckFunctionExists.c.o
/usr/bin/cc   -DCHECK_FUNCTION_EXISTS=strcspn -o CMakeFiles/cmTC_3eeb8.dir/CheckFunctionExists.c.o -c /usr/share/cmake-3.22/Modules/CheckFunctionExists.c
<command-line>: warning: conflicting types for built-in function ‘strcspn’; expected ‘long unsigned int(const char *, const char *)’ [-Wbuiltin-declaration-mismatch]
/usr/share/cmake-3.22/Modules/CheckFunctionExists.c:7:3: note: in expansion of macro ‘CHECK_FUNCTION_EXISTS’
    7 |   CHECK_FUNCTION_EXISTS(void);
      |   ^~~~~~~~~~~~~~~~~~~~~
/usr/share/cmake-3.22/Modules/CheckFunctionExists.c:1:1: note: ‘strcspn’ is declared in header ‘<string.h>’
  +++ |+#include <string.h>
    1 | #ifdef CHECK_FUNCTION_EXISTS
Linking C executable cmTC_3eeb8
/usr/bin/cmake -E cmake_link_script CMakeFiles/cmTC_3eeb8.dir/link.txt --verbose=1
/usr/bin/cc  -DCHECK_FUNCTION_EXISTS=strcspn CMakeFiles/cmTC_3eeb8.dir/CheckFunctionExists.c.o -o cmTC_3eeb8 
gmake[1]: Leaving directory '/home/tanmeet/Desktop/cs446/nautilus/libvnc/build/CMakeFiles/CMakeTmp'



Determining if the function strdup exists passed with the following output:
Change Dir: /home/tanmeet/Desktop/cs446/nautilus/libvnc/build/CMakeFiles/CMakeTmp

Run Build Command(s):/usr/bin/gmake -f Makefile cmTC_2bf83/fast && /usr/bin/gmake  -f CMakeFiles/cmTC_2bf83.dir/build.make CMakeFiles/cmTC_2bf83.dir/build
gmake[1]: Entering directory '/home/tanmeet/Desktop/cs446/nautilus/libvnc/build/CMakeFiles/CMakeTmp'
Building C object CMakeFiles/cmTC_2bf83.dir/CheckFunctionExists.c.o
/usr/bin/cc   -DCHECK_FUNCTION_EXISTS=strdup -o CMakeFiles/cmTC_2bf83.dir/CheckFunctionExists.c.o -c /usr/share/cmake-3.22/Modules/CheckFunctionExists.c
<command-line>: warning: conflicting types for built-in function ‘strdup’; expected ‘char *(const char *)’ [-Wbuiltin-declaration-mismatch]
/usr/share/cmake-3.22/Modules/CheckFunctionExists.c:7:3: note: in expansion of macro ‘CHECK_FUNCTION_EXISTS’
    7 |   CHECK_FUNCTION_EXISTS(void);
      |   ^~~~~~~~~~~~~~~~~~~~~
Linking C executable cmTC_2bf83
/usr/bin/cmake -E cmake_link_script CMakeFiles/cmTC_2bf83.dir/link.txt --verbose=1
/usr/bin/cc  -DCHECK_FUNCTION_EXISTS=strdup CMakeFiles/cmTC_2bf83.dir/CheckFunctionExists.c.o -o cmTC_2bf83 
gmake[1]: Leaving directory '/home/tanmeet/Desktop/cs446/nautilus/libvnc/build/CMakeFiles/CMakeTmp'



Determining if the function strerror exists passed with the following output:
Change Dir: /home/tanmeet/Desktop/cs446/nautilus/libvnc/build/CMakeFiles/CMakeTmp

Run Build Command(s):/usr/bin/gmake -f Makefile cmTC_978ac/fast && /usr/bin/gmake  -f CMakeFiles/cmTC_978ac.dir/build.make CMakeFiles/cmTC_978ac.dir/build
gmake[1]: Entering directory '/home/tanmeet/Desktop/cs446/nautilus/libvnc/build/CMakeFiles/CMakeTmp'
Building C object CMakeFiles/cmTC_978ac.dir/CheckFunctionExists.c.o
/usr/bin/cc   -DCHECK_FUNCTION_EXISTS=strerror -o CMakeFiles/cmTC_978ac.dir/CheckFunctionExists.c.o -c /usr/share/cmake-3.22/Modules/CheckFunctionExists.c
Linking C executable cmTC_978ac
/usr/bin/cmake -E cmake_link_script CMakeFiles/cmTC_978ac.dir/link.txt --verbose=1
/usr/bin/cc  -DCHECK_FUNCTION_EXISTS=strerror CMakeFiles/cmTC_978ac.dir/CheckFunctionExists.c.o -o cmTC_978ac 
gmake[1]: Leaving directory '/home/tanmeet/Desktop/cs446/nautilus/libvnc/build/CMakeFiles/CMakeTmp'



Determining if the function strstr exists passed with the following output:
Change Dir: /home/tanmeet/Desktop/cs446/nautilus/libvnc/build/CMakeFiles/CMakeTmp

Run Build Command(s):/usr/bin/gmake -f Makefile cmTC_51f8b/fast && /usr/bin/gmake  -f CMakeFiles/cmTC_51f8b.dir/build.make CMakeFiles/cmTC_51f8b.dir/build
gmake[1]: Entering directory '/home/tanmeet/Desktop/cs446/nautilus/libvnc/build/CMakeFiles/CMakeTmp'
Building C object CMakeFiles/cmTC_51f8b.dir/CheckFunctionExists.c.o
/usr/bin/cc   -DCHECK_FUNCTION_EXISTS=strstr -o CMakeFiles/cmTC_51f8b.dir/CheckFunctionExists.c.o -c /usr/share/cmake-3.22/Modules/CheckFunctionExists.c
<command-line>: warning: conflicting types for built-in function ‘strstr’; expected ‘char *(const char *, const char *)’ [-Wbuiltin-declaration-mismatch]
/usr/share/cmake-3.22/Modules/CheckFunctionExists.c:7:3: note: in expansion of macro ‘CHECK_FUNCTION_EXISTS’
    7 |   CHECK_FUNCTION_EXISTS(void);
      |   ^~~~~~~~~~~~~~~~~~~~~
/usr/share/cmake-3.22/Modules/CheckFunctionExists.c:1:1: note: ‘strstr’ is declared in header ‘<string.h>’
  +++ |+#include <string.h>
    1 | #ifdef CHECK_FUNCTION_EXISTS
Linking C executable cmTC_51f8b
/usr/bin/cmake -E cmake_link_script CMakeFiles/cmTC_51f8b.dir/link.txt --verbose=1
/usr/bin/cc  -DCHECK_FUNCTION_EXISTS=strstr CMakeFiles/cmTC_51f8b.dir/CheckFunctionExists.c.o -o cmTC_51f8b 
gmake[1]: Leaving directory '/home/tanmeet/Desktop/cs446/nautilus/libvnc/build/CMakeFiles/CMakeTmp'



Determining if the htobe64 exist passed with the following output:
Change Dir: /home/tanmeet/Desktop/cs446/nautilus/libvnc/build/CMakeFiles/CMakeTmp

Run Build Command(s):/usr/bin/gmake -f Makefile cmTC_390c6/fast && /usr/bin/gmake  -f CMakeFiles/cmTC_390c6.dir/build.make CMakeFiles/cmTC_390c6.dir/build
gmake[1]: Entering directory '/home/tanmeet/Desktop/cs446/nautilus/libvnc/build/CMakeFiles/CMakeTmp'
Building C object CMakeFiles/cmTC_390c6.dir/CheckSymbolExists.c.o
/usr/bin/cc    -o CMakeFiles/cmTC_390c6.dir/CheckSymbolExists.c.o -c /home/tanmeet/Desktop/cs446/nautilus/libvnc/build/CMakeFiles/CMakeTmp/CheckSymbolExists.c
Linking C executable cmTC_390c6
/usr/bin/cmake -E cmake_link_script CMakeFiles/cmTC_390c6.dir/link.txt --verbose=1
/usr/bin/cc CMakeFiles/cmTC_390c6.dir/CheckSymbolExists.c.o -o cmTC_390c6 
gmake[1]: Leaving directory '/home/tanmeet/Desktop/cs446/nautilus/libvnc/build/CMakeFiles/CMakeTmp'


File /home/tanmeet/Desktop/cs446/nautilus/libvnc/build/CMakeFiles/CMakeTmp/CheckSymbolExists.c:
/* */
#include <endian.h>

int main(int argc, char** argv)
{
  (void)argv;
#ifndef htobe64
  return ((int*)(&htobe64))[argc];
#else
  (void)argc;
  return 0;
#endif
}
Determining size of pid_t passed with the following output:
Change Dir: /home/tanmeet/Desktop/cs446/nautilus/libvnc/build/CMakeFiles/CMakeTmp

Run Build Command(s):/usr/bin/gmake -f Makefile cmTC_cc866/fast && /usr/bin/gmake  -f CMakeFiles/cmTC_cc866.dir/build.make CMakeFiles/cmTC_cc866.dir/build
gmake[1]: Entering directory '/home/tanmeet/Desktop/cs446/nautilus/libvnc/build/CMakeFiles/CMakeTmp'
Building C object CMakeFiles/cmTC_cc866.dir/LIBVNCSERVER_PID_T.c.o
/usr/bin/cc    -o CMakeFiles/cmTC_cc866.dir/LIBVNCSERVER_PID_T.c.o -c /home/tanmeet/Desktop/cs446/nautilus/libvnc/build/CMakeFiles/CheckTypeSize/LIBVNCSERVER_PID_T.c
Linking C executable cmTC_cc866
/usr/bin/cmake -E cmake_link_script CMakeFiles/cmTC_cc866.dir/link.txt --verbose=1
/usr/bin/cc CMakeFiles/cmTC_cc866.dir/LIBVNCSERVER_PID_T.c.o -o cmTC_cc866 
gmake[1]: Leaving directory '/home/tanmeet/Desktop/cs446/nautilus/libvnc/build/CMakeFiles/CMakeTmp'



Determining size of size_t passed with the following output:
Change Dir: /home/tanmeet/Desktop/cs446/nautilus/libvnc/build/CMakeFiles/CMakeTmp

Run Build Command(s):/usr/bin/gmake -f Makefile cmTC_17877/fast && /usr/bin/gmake  -f CMakeFiles/cmTC_17877.dir/build.make CMakeFiles/cmTC_17877.dir/build
gmake[1]: Entering directory '/home/tanmeet/Desktop/cs446/nautilus/libvnc/build/CMakeFiles/CMakeTmp'
Building C object CMakeFiles/cmTC_17877.dir/LIBVNCSERVER_SIZE_T.c.o
/usr/bin/cc    -o CMakeFiles/cmTC_17877.dir/LIBVNCSERVER_SIZE_T.c.o -c /home/tanmeet/Desktop/cs446/nautilus/libvnc/build/CMakeFiles/CheckTypeSize/LIBVNCSERVER_SIZE_T.c
Linking C executable cmTC_17877
/usr/bin/cmake -E cmake_link_script CMakeFiles/cmTC_17877.dir/link.txt --verbose=1
/usr/bin/cc CMakeFiles/cmTC_17877.dir/LIBVNCSERVER_SIZE_T.c.o -o cmTC_17877 
gmake[1]: Leaving directory '/home/tanmeet/Desktop/cs446/nautilus/libvnc/build/CMakeFiles/CMakeTmp'



Determining size of socklen_t passed with the following output:
Change Dir: /home/tanmeet/Desktop/cs446/nautilus/libvnc/build/CMakeFiles/CMakeTmp

Run Build Command(s):/usr/bin/gmake -f Makefile cmTC_361e7/fast && /usr/bin/gmake  -f CMakeFiles/cmTC_361e7.dir/build.make CMakeFiles/cmTC_361e7.dir/build
gmake[1]: Entering directory '/home/tanmeet/Desktop/cs446/nautilus/libvnc/build/CMakeFiles/CMakeTmp'
Building C object CMakeFiles/cmTC_361e7.dir/LIBVNCSERVER_SOCKLEN_T.c.o
/usr/bin/cc    -o CMakeFiles/cmTC_361e7.dir/LIBVNCSERVER_SOCKLEN_T.c.o -c /home/tanmeet/Desktop/cs446/nautilus/libvnc/build/CMakeFiles/CheckTypeSize/LIBVNCSERVER_SOCKLEN_T.c
Linking C executable cmTC_361e7
/usr/bin/cmake -E cmake_link_script CMakeFiles/cmTC_361e7.dir/link.txt --verbose=1
/usr/bin/cc CMakeFiles/cmTC_361e7.dir/LIBVNCSERVER_SOCKLEN_T.c.o -o cmTC_361e7 
gmake[1]: Leaving directory '/home/tanmeet/Desktop/cs446/nautilus/libvnc/build/CMakeFiles/CMakeTmp'



Determining size of in_addr_t passed with the following output:
Change Dir: /home/tanmeet/Desktop/cs446/nautilus/libvnc/build/CMakeFiles/CMakeTmp

Run Build Command(s):/usr/bin/gmake -f Makefile cmTC_a4dff/fast && /usr/bin/gmake  -f CMakeFiles/cmTC_a4dff.dir/build.make CMakeFiles/cmTC_a4dff.dir/build
gmake[1]: Entering directory '/home/tanmeet/Desktop/cs446/nautilus/libvnc/build/CMakeFiles/CMakeTmp'
Building C object CMakeFiles/cmTC_a4dff.dir/LIBVNCSERVER_IN_ADDR_T.c.o
/usr/bin/cc    -o CMakeFiles/cmTC_a4dff.dir/LIBVNCSERVER_IN_ADDR_T.c.o -c /home/tanmeet/Desktop/cs446/nautilus/libvnc/build/CMakeFiles/CheckTypeSize/LIBVNCSERVER_IN_ADDR_T.c
Linking C executable cmTC_a4dff
/usr/bin/cmake -E cmake_link_script CMakeFiles/cmTC_a4dff.dir/link.txt --verbose=1
/usr/bin/cc CMakeFiles/cmTC_a4dff.dir/LIBVNCSERVER_IN_ADDR_T.c.o -o cmTC_a4dff 
gmake[1]: Leaving directory '/home/tanmeet/Desktop/cs446/nautilus/libvnc/build/CMakeFiles/CMakeTmp'



